\BOOKMARK [0][-]{chapter*.1}{\376\377\000K\000a\000t\000a\000\040\000P\000e\000n\000g\000a\000n\000t\000a\000r}{}% 1
\BOOKMARK [0][-]{section*.2}{\376\377\000D\000a\000f\000t\000a\000r\000\040\000I\000s\000i}{}% 2
\BOOKMARK [0][-]{section*.3}{\376\377\000D\000a\000f\000t\000a\000r\000\040\000G\000a\000m\000b\000a\000r}{}% 3
\BOOKMARK [0][-]{section*.4}{\376\377\000D\000a\000f\000t\000a\000r\000\040\000T\000a\000b\000e\000l}{}% 4
\BOOKMARK [0][-]{chapter.1}{\376\377\000P\000e\000n\000d\000a\000h\000u\000l\000u\000a\000n}{}% 5
\BOOKMARK [1][-]{section.1.1}{\376\377\000L\000a\000t\000a\000r\000\040\000B\000e\000l\000a\000k\000a\000n\000g}{chapter.1}% 6
\BOOKMARK [1][-]{section.1.2}{\376\377\000R\000u\000m\000u\000s\000a\000n\000\040\000M\000a\000s\000a\000l\000a\000h}{chapter.1}% 7
\BOOKMARK [1][-]{section.1.3}{\376\377\000T\000u\000j\000u\000a\000n}{chapter.1}% 8
\BOOKMARK [1][-]{section.1.4}{\376\377\000B\000a\000t\000a\000s\000a\000n\000\040\000M\000a\000s\000a\000l\000a\000h}{chapter.1}% 9
\BOOKMARK [1][-]{section.1.5}{\376\377\000M\000e\000t\000o\000d\000o\000l\000o\000g\000i\000\040\000P\000e\000n\000e\000l\000i\000t\000i\000a\000n}{chapter.1}% 10
\BOOKMARK [1][-]{section.1.6}{\376\377\000S\000i\000s\000t\000e\000m\000a\000t\000i\000k\000a\000\040\000P\000e\000m\000b\000a\000h\000a\000s\000a\000n}{chapter.1}% 11
\BOOKMARK [0][-]{chapter.2}{\376\377\000L\000a\000n\000d\000a\000s\000a\000n\000\040\000T\000e\000o\000r\000i}{}% 12
\BOOKMARK [1][-]{section.2.1}{\376\377\000C\000a\000l\000c\000u\000d\000o\000k\000u\000\040\000\040\000f\000a\000h\000d\000a\000:\0001\0006\000:\000b\000a\000c\000k\000t\000r\000a\000c\000k\000i\000n\000g\000\040\000\040\000j\000o\000h\000a\000n\000n\000a\000:\0001\0002\000:\000h\000y\000b\000r\000i\000d}{chapter.2}% 13
\BOOKMARK [1][-]{section.2.2}{\376\377\000A\000l\000g\000o\000r\000i\000t\000m\000a\000\040\000B\000a\000c\000k\000t\000r\000a\000c\000k\000i\000n\000g\000\040\000\040\000f\000a\000h\000d\000a\000:\0001\0006\000:\000b\000a\000c\000k\000t\000r\000a\000c\000k\000i\000n\000g}{chapter.2}% 14
\BOOKMARK [1][-]{section.2.3}{\376\377\000A\000l\000g\000o\000r\000i\000t\000m\000a\000\040\000H\000y\000b\000r\000i\000d\000\040\000G\000e\000n\000e\000t\000i\000c\000\040\000\040\000j\000o\000h\000a\000n\000n\000a\000:\0001\0002\000:\000h\000y\000b\000r\000i\000d}{chapter.2}% 15
\BOOKMARK [2][-]{subsection.2.3.1}{\376\377\000A\000l\000g\000o\000r\000i\000t\000m\000a\000\040\000R\000u\000l\000e\000\040\000B\000a\000s\000e\000d}{section.2.3}% 16
\BOOKMARK [2][-]{subsection.2.3.2}{\376\377\000A\000l\000g\000o\000r\000i\000t\000m\000a\000\040\000G\000e\000n\000e\000t\000i\000k}{section.2.3}% 17
\BOOKMARK [2][-]{subsection.2.3.3}{\376\377\000A\000l\000g\000o\000r\000i\000t\000m\000a\000\040\000H\000y\000b\000r\000i\000d\000\040\000G\000e\000n\000e\000t\000i\000c}{section.2.3}% 18
\BOOKMARK [0][-]{chapter.3}{\376\377\000A\000n\000a\000l\000i\000s\000i\000s}{}% 19
\BOOKMARK [1][-]{section.3.1}{\376\377\000A\000n\000a\000l\000i\000s\000i\000s\000\040\000A\000l\000g\000o\000r\000i\000t\000m\000a\000\040\000B\000a\000c\000k\000t\000r\000a\000c\000k\000i\000n\000g}{chapter.3}% 20
\BOOKMARK [1][-]{section.3.2}{\376\377\000A\000n\000a\000l\000i\000s\000i\000s\000\040\000A\000l\000g\000o\000r\000i\000t\000m\000a\000\040\000H\000y\000b\000r\000i\000d\000\040\000G\000e\000n\000e\000t\000i\000c}{chapter.3}% 21
\BOOKMARK [2][-]{subsection.3.2.1}{\376\377\000A\000l\000g\000o\000r\000i\000t\000m\000a\000\040\000R\000u\000l\000e\000\040\000B\000a\000s\000e\000d}{section.3.2}% 22
\BOOKMARK [2][-]{subsection.3.2.2}{\376\377\000A\000l\000g\000o\000r\000i\000t\000m\000a\000\040\000G\000e\000n\000e\000t\000i\000k}{section.3.2}% 23
\BOOKMARK [1][-]{section.3.3}{\376\377\000P\000e\000r\000a\000n\000g\000k\000a\000t\000\040\000L\000u\000n\000a\000k}{chapter.3}% 24
\BOOKMARK [2][-]{subsection.3.3.1}{\376\377\000D\000i\000a\000g\000r\000a\000m\000\040\000U\000s\000e\000\040\000C\000a\000s\000e\000\040\000d\000a\000n\000\040\000S\000k\000e\000n\000a\000r\000i\000o}{section.3.3}% 25
\BOOKMARK [2][-]{subsection.3.3.2}{\376\377\000D\000i\000a\000g\000r\000a\000m\000\040\000K\000e\000l\000a\000s}{section.3.3}% 26
\BOOKMARK [0][-]{chapter.4}{\376\377\000P\000e\000r\000a\000n\000c\000a\000n\000g\000a\000n}{}% 27
\BOOKMARK [1][-]{section.4.1}{\376\377\000P\000e\000r\000a\000n\000c\000a\000n\000g\000a\000n\000\040\000M\000a\000s\000u\000k\000a\000n}{chapter.4}% 28
\BOOKMARK [1][-]{section.4.2}{\376\377\000P\000e\000r\000a\000n\000c\000a\000n\000g\000a\000n\000\040\000K\000e\000l\000u\000a\000r\000a\000n}{chapter.4}% 29
\BOOKMARK [1][-]{section.4.3}{\376\377\000D\000i\000a\000g\000r\000a\000m\000\040\000K\000e\000l\000a\000s}{chapter.4}% 30
\BOOKMARK [2][-]{subsection.4.3.1}{\376\377\000K\000e\000l\000a\000s\000\040\000G\000r\000i\000d}{section.4.3}% 31
\BOOKMARK [2][-]{subsection.4.3.2}{\376\377\000K\000e\000l\000a\000s\000\040\000C\000a\000g\000e}{section.4.3}% 32
\BOOKMARK [2][-]{subsection.4.3.3}{\376\377\000K\000e\000l\000a\000s\000\040\000C\000e\000l\000l}{section.4.3}% 33
\BOOKMARK [2][-]{subsection.4.3.4}{\376\377\000K\000e\000l\000a\000s\000\040\000S\000o\000l\000v\000e\000r\000B\000a\000c\000k\000t\000r\000a\000c\000k\000i\000n\000g}{section.4.3}% 34
\BOOKMARK [2][-]{subsection.4.3.5}{\376\377\000K\000e\000l\000a\000s\000\040\000S\000o\000l\000v\000e\000r\000H\000y\000b\000r\000i\000d\000G\000e\000n\000e\000t\000i\000c}{section.4.3}% 35
\BOOKMARK [2][-]{subsection.4.3.6}{\376\377\000K\000e\000l\000a\000s\000\040\000S\000o\000l\000v\000e\000r\000R\000u\000l\000e\000B\000a\000s\000e\000d}{section.4.3}% 36
\BOOKMARK [2][-]{subsection.4.3.7}{\376\377\000K\000e\000l\000a\000s\000\040\000S\000o\000l\000v\000e\000r\000G\000e\000n\000e\000t\000i\000c}{section.4.3}% 37
\BOOKMARK [2][-]{subsection.4.3.8}{\376\377\000K\000e\000l\000a\000s\000\040\000C\000h\000r\000o\000m\000o\000s\000o\000m\000e}{section.4.3}% 38
\BOOKMARK [2][-]{subsection.4.3.9}{\376\377\000K\000e\000l\000a\000s\000\040\000C\000h\000r\000o\000m\000o\000s\000o\000m\000e\000C\000o\000m\000p\000a\000r\000a\000t\000o\000r}{section.4.3}% 39
\BOOKMARK [2][-]{subsection.4.3.10}{\376\377\000K\000e\000l\000a\000s\000\040\000C\000o\000n\000t\000r\000o\000l\000l\000e\000r}{section.4.3}% 40
\BOOKMARK [2][-]{subsection.4.3.11}{\376\377\000K\000e\000l\000a\000s\000\040\000T\000e\000s\000t\000e\000r}{section.4.3}% 41
\BOOKMARK [0][-]{chapter*.121}{\376\377\000D\000a\000f\000t\000a\000r\000\040\000R\000e\000f\000e\000r\000e\000n\000s\000i}{}% 42
