This is pdfTeX, Version 3.14159265-2.6-1.40.18 (TeX Live 2017) (preloaded format=pdflatex 2017.11.16)  15 DEC 2017 01:04
entering extended mode
 restricted \write18 enabled.
 file:line:error style messages enabled.
 %&-line parsing enabled.
**PresentasiSkripsi2.tex
(./PresentasiSkripsi2.tex
LaTeX2e <2017-04-15>
Babel <3.10> and hyphenation patterns for 84 language(s) loaded.
(/usr/local/texlive/2017/texmf-dist/tex/latex/beamer/beamer.cls
Document Class: beamer 2017/01/23 v3.41 A class for typesetting presentations
(/usr/local/texlive/2017/texmf-dist/tex/latex/etoolbox/etoolbox.sty
Package: etoolbox 2017/01/02 v2.4 e-TeX tools for LaTeX (JAW)
\etb@tempcnta=\count79
)
(/usr/local/texlive/2017/texmf-dist/tex/latex/beamer/beamerbasemodes.sty
\beamer@tempbox=\box26
\beamer@tempcount=\count80
\c@beamerpauses=\count81

(/usr/local/texlive/2017/texmf-dist/tex/latex/beamer/beamerbasedecode.sty
\beamer@slideinframe=\count82
\beamer@minimum=\count83
)
\beamer@commentbox=\box27
\beamer@modecount=\count84
)
(/usr/local/texlive/2017/texmf-dist/tex/generic/oberdiek/ifpdf.sty
Package: ifpdf 2017/03/15 v3.2 Provides the ifpdf switch
)
\headheight=\dimen102
\headdp=\dimen103
\footheight=\dimen104
\sidebarheight=\dimen105
\beamer@tempdim=\dimen106
\beamer@finalheight=\dimen107
\beamer@animht=\dimen108
\beamer@animdp=\dimen109
\beamer@animwd=\dimen110
\beamer@leftmargin=\dimen111
\beamer@rightmargin=\dimen112
\beamer@leftsidebar=\dimen113
\beamer@rightsidebar=\dimen114
\beamer@boxsize=\dimen115
\beamer@vboxoffset=\dimen116
\beamer@descdefault=\dimen117
\beamer@descriptionwidth=\dimen118
\beamer@lastskip=\skip41
\beamer@areabox=\box28
\beamer@animcurrent=\box29
\beamer@animshowbox=\box30
\beamer@sectionbox=\box31
\beamer@logobox=\box32
\beamer@linebox=\box33
\beamer@sectioncount=\count85
\beamer@subsubsectionmax=\count86
\beamer@subsectionmax=\count87
\beamer@sectionmax=\count88
\beamer@totalheads=\count89
\beamer@headcounter=\count90
\beamer@partstartpage=\count91
\beamer@sectionstartpage=\count92
\beamer@subsectionstartpage=\count93
\beamer@animationtempa=\count94
\beamer@animationtempb=\count95
\beamer@xpos=\count96
\beamer@ypos=\count97
\beamer@showpartnumber=\count98
\beamer@currentsubsection=\count99
\beamer@coveringdepth=\count100
\beamer@sectionadjust=\count101
\beamer@tocsectionnumber=\count102

(/usr/local/texlive/2017/texmf-dist/tex/latex/beamer/beamerbaseoptions.sty
(/usr/local/texlive/2017/texmf-dist/tex/latex/graphics/keyval.sty
Package: keyval 2014/10/28 v1.15 key=value parser (DPC)
\KV@toks@=\toks14
))
\beamer@paperwidth=\skip42
\beamer@paperheight=\skip43

(/usr/local/texlive/2017/texmf-dist/tex/latex/geometry/geometry.sty
Package: geometry 2010/09/12 v5.6 Page Geometry

(/usr/local/texlive/2017/texmf-dist/tex/generic/oberdiek/ifvtex.sty
Package: ifvtex 2016/05/16 v1.6 Detect VTeX and its facilities (HO)
Package ifvtex Info: VTeX not detected.
)
(/usr/local/texlive/2017/texmf-dist/tex/generic/ifxetex/ifxetex.sty
Package: ifxetex 2010/09/12 v0.6 Provides ifxetex conditional
)
\Gm@cnth=\count103
\Gm@cntv=\count104
\c@Gm@tempcnt=\count105
\Gm@bindingoffset=\dimen119
\Gm@wd@mp=\dimen120
\Gm@odd@mp=\dimen121
\Gm@even@mp=\dimen122
\Gm@layoutwidth=\dimen123
\Gm@layoutheight=\dimen124
\Gm@layouthoffset=\dimen125
\Gm@layoutvoffset=\dimen126
\Gm@dimlist=\toks15
)
(/usr/local/texlive/2017/texmf-dist/tex/latex/base/size11.clo
File: size11.clo 2014/09/29 v1.4h Standard LaTeX file (size option)
)
(/usr/local/texlive/2017/texmf-dist/tex/latex/pgf/basiclayer/pgfcore.sty
(/usr/local/texlive/2017/texmf-dist/tex/latex/graphics/graphicx.sty
Package: graphicx 2014/10/28 v1.0g Enhanced LaTeX Graphics (DPC,SPQR)

(/usr/local/texlive/2017/texmf-dist/tex/latex/graphics/graphics.sty
Package: graphics 2017/04/14 v1.1b Standard LaTeX Graphics (DPC,SPQR)

(/usr/local/texlive/2017/texmf-dist/tex/latex/graphics/trig.sty
Package: trig 2016/01/03 v1.10 sin cos tan (DPC)
)
(/usr/local/texlive/2017/texmf-dist/tex/latex/graphics-cfg/graphics.cfg
File: graphics.cfg 2016/06/04 v1.11 sample graphics configuration
)
Package graphics Info: Driver file: pdftex.def on input line 99.

(/usr/local/texlive/2017/texmf-dist/tex/latex/graphics-def/pdftex.def
File: pdftex.def 2017/01/12 v0.06k Graphics/color for pdfTeX

(/usr/local/texlive/2017/texmf-dist/tex/generic/oberdiek/infwarerr.sty
Package: infwarerr 2016/05/16 v1.4 Providing info/warning/error messages (HO)
)
(/usr/local/texlive/2017/texmf-dist/tex/generic/oberdiek/ltxcmds.sty
Package: ltxcmds 2016/05/16 v1.23 LaTeX kernel commands for general use (HO)
)
\Gread@gobject=\count106
))
\Gin@req@height=\dimen127
\Gin@req@width=\dimen128
)
(/usr/local/texlive/2017/texmf-dist/tex/latex/pgf/systemlayer/pgfsys.sty
(/usr/local/texlive/2017/texmf-dist/tex/latex/pgf/utilities/pgfrcs.sty
(/usr/local/texlive/2017/texmf-dist/tex/generic/pgf/utilities/pgfutil-common.te
x
\pgfutil@everybye=\toks16
\pgfutil@tempdima=\dimen129
\pgfutil@tempdimb=\dimen130

(/usr/local/texlive/2017/texmf-dist/tex/generic/pgf/utilities/pgfutil-common-li
sts.tex))
(/usr/local/texlive/2017/texmf-dist/tex/generic/pgf/utilities/pgfutil-latex.def
\pgfutil@abb=\box34
(/usr/local/texlive/2017/texmf-dist/tex/latex/ms/everyshi.sty
Package: everyshi 2001/05/15 v3.00 EveryShipout Package (MS)
))
(/usr/local/texlive/2017/texmf-dist/tex/generic/pgf/utilities/pgfrcs.code.tex
Package: pgfrcs 2015/08/07 v3.0.1a (rcs-revision 1.31)
))
(/usr/local/texlive/2017/texmf-dist/tex/generic/pgf/systemlayer/pgfsys.code.tex
Package: pgfsys 2014/07/09 v3.0.1a (rcs-revision 1.48)
(/usr/local/texlive/2017/texmf-dist/tex/generic/pgf/utilities/pgfkeys.code.tex
\pgfkeys@pathtoks=\toks17
\pgfkeys@temptoks=\toks18

(/usr/local/texlive/2017/texmf-dist/tex/generic/pgf/utilities/pgfkeysfiltered.c
ode.tex
\pgfkeys@tmptoks=\toks19
))
\pgf@x=\dimen131
\pgf@y=\dimen132
\pgf@xa=\dimen133
\pgf@ya=\dimen134
\pgf@xb=\dimen135
\pgf@yb=\dimen136
\pgf@xc=\dimen137
\pgf@yc=\dimen138
\w@pgf@writea=\write3
\r@pgf@reada=\read1
\c@pgf@counta=\count107
\c@pgf@countb=\count108
\c@pgf@countc=\count109
\c@pgf@countd=\count110
\t@pgf@toka=\toks20
\t@pgf@tokb=\toks21
\t@pgf@tokc=\toks22

(/usr/local/texlive/2017/texmf-dist/tex/generic/pgf/systemlayer/pgf.cfg
File: pgf.cfg 2008/05/14  (rcs-revision 1.7)
)
Driver file for pgf: pgfsys-pdftex.def

(/usr/local/texlive/2017/texmf-dist/tex/generic/pgf/systemlayer/pgfsys-pdftex.d
ef
File: pgfsys-pdftex.def 2014/10/11  (rcs-revision 1.35)

(/usr/local/texlive/2017/texmf-dist/tex/generic/pgf/systemlayer/pgfsys-common-p
df.def
File: pgfsys-common-pdf.def 2013/10/10  (rcs-revision 1.13)
)))
(/usr/local/texlive/2017/texmf-dist/tex/generic/pgf/systemlayer/pgfsyssoftpath.
code.tex
File: pgfsyssoftpath.code.tex 2013/09/09  (rcs-revision 1.9)
\pgfsyssoftpath@smallbuffer@items=\count111
\pgfsyssoftpath@bigbuffer@items=\count112
)
(/usr/local/texlive/2017/texmf-dist/tex/generic/pgf/systemlayer/pgfsysprotocol.
code.tex
File: pgfsysprotocol.code.tex 2006/10/16  (rcs-revision 1.4)
)) (/usr/local/texlive/2017/texmf-dist/tex/latex/xcolor/xcolor.sty
Package: xcolor 2016/05/11 v2.12 LaTeX color extensions (UK)

(/usr/local/texlive/2017/texmf-dist/tex/latex/graphics-cfg/color.cfg
File: color.cfg 2016/01/02 v1.6 sample color configuration
)
Package xcolor Info: Driver file: pdftex.def on input line 225.
Package xcolor Info: Model `cmy' substituted by `cmy0' on input line 1348.
Package xcolor Info: Model `hsb' substituted by `rgb' on input line 1352.
Package xcolor Info: Model `RGB' extended on input line 1364.
Package xcolor Info: Model `HTML' substituted by `rgb' on input line 1366.
Package xcolor Info: Model `Hsb' substituted by `hsb' on input line 1367.
Package xcolor Info: Model `tHsb' substituted by `hsb' on input line 1368.
Package xcolor Info: Model `HSB' substituted by `hsb' on input line 1369.
Package xcolor Info: Model `Gray' substituted by `gray' on input line 1370.
Package xcolor Info: Model `wave' substituted by `hsb' on input line 1371.
)
(/usr/local/texlive/2017/texmf-dist/tex/generic/pgf/basiclayer/pgfcore.code.tex
Package: pgfcore 2010/04/11 v3.0.1a (rcs-revision 1.7)
(/usr/local/texlive/2017/texmf-dist/tex/generic/pgf/math/pgfmath.code.tex
(/usr/local/texlive/2017/texmf-dist/tex/generic/pgf/math/pgfmathcalc.code.tex
(/usr/local/texlive/2017/texmf-dist/tex/generic/pgf/math/pgfmathutil.code.tex)
(/usr/local/texlive/2017/texmf-dist/tex/generic/pgf/math/pgfmathparser.code.tex
\pgfmath@dimen=\dimen139
\pgfmath@count=\count113
\pgfmath@box=\box35
\pgfmath@toks=\toks23
\pgfmath@stack@operand=\toks24
\pgfmath@stack@operation=\toks25
)
(/usr/local/texlive/2017/texmf-dist/tex/generic/pgf/math/pgfmathfunctions.code.
tex
(/usr/local/texlive/2017/texmf-dist/tex/generic/pgf/math/pgfmathfunctions.basic
.code.tex)
(/usr/local/texlive/2017/texmf-dist/tex/generic/pgf/math/pgfmathfunctions.trigo
nometric.code.tex)
(/usr/local/texlive/2017/texmf-dist/tex/generic/pgf/math/pgfmathfunctions.rando
m.code.tex)
(/usr/local/texlive/2017/texmf-dist/tex/generic/pgf/math/pgfmathfunctions.compa
rison.code.tex)
(/usr/local/texlive/2017/texmf-dist/tex/generic/pgf/math/pgfmathfunctions.base.
code.tex)
(/usr/local/texlive/2017/texmf-dist/tex/generic/pgf/math/pgfmathfunctions.round
.code.tex)
(/usr/local/texlive/2017/texmf-dist/tex/generic/pgf/math/pgfmathfunctions.misc.
code.tex)
(/usr/local/texlive/2017/texmf-dist/tex/generic/pgf/math/pgfmathfunctions.integ
erarithmetics.code.tex)))
(/usr/local/texlive/2017/texmf-dist/tex/generic/pgf/math/pgfmathfloat.code.tex
\c@pgfmathroundto@lastzeros=\count114
))
(/usr/local/texlive/2017/texmf-dist/tex/generic/pgf/basiclayer/pgfcorepoints.co
de.tex
File: pgfcorepoints.code.tex 2013/10/07  (rcs-revision 1.27)
\pgf@picminx=\dimen140
\pgf@picmaxx=\dimen141
\pgf@picminy=\dimen142
\pgf@picmaxy=\dimen143
\pgf@pathminx=\dimen144
\pgf@pathmaxx=\dimen145
\pgf@pathminy=\dimen146
\pgf@pathmaxy=\dimen147
\pgf@xx=\dimen148
\pgf@xy=\dimen149
\pgf@yx=\dimen150
\pgf@yy=\dimen151
\pgf@zx=\dimen152
\pgf@zy=\dimen153
)
(/usr/local/texlive/2017/texmf-dist/tex/generic/pgf/basiclayer/pgfcorepathconst
ruct.code.tex
File: pgfcorepathconstruct.code.tex 2013/10/07  (rcs-revision 1.29)
\pgf@path@lastx=\dimen154
\pgf@path@lasty=\dimen155
)
(/usr/local/texlive/2017/texmf-dist/tex/generic/pgf/basiclayer/pgfcorepathusage
.code.tex
File: pgfcorepathusage.code.tex 2014/11/02  (rcs-revision 1.24)
\pgf@shorten@end@additional=\dimen156
\pgf@shorten@start@additional=\dimen157
)
(/usr/local/texlive/2017/texmf-dist/tex/generic/pgf/basiclayer/pgfcorescopes.co
de.tex
File: pgfcorescopes.code.tex 2015/05/08  (rcs-revision 1.46)
\pgfpic=\box36
\pgf@hbox=\box37
\pgf@layerbox@main=\box38
\pgf@picture@serial@count=\count115
)
(/usr/local/texlive/2017/texmf-dist/tex/generic/pgf/basiclayer/pgfcoregraphicst
ate.code.tex
File: pgfcoregraphicstate.code.tex 2014/11/02  (rcs-revision 1.12)
\pgflinewidth=\dimen158
)
(/usr/local/texlive/2017/texmf-dist/tex/generic/pgf/basiclayer/pgfcoretransform
ations.code.tex
File: pgfcoretransformations.code.tex 2015/08/07  (rcs-revision 1.20)
\pgf@pt@x=\dimen159
\pgf@pt@y=\dimen160
\pgf@pt@temp=\dimen161
)
(/usr/local/texlive/2017/texmf-dist/tex/generic/pgf/basiclayer/pgfcorequick.cod
e.tex
File: pgfcorequick.code.tex 2008/10/09  (rcs-revision 1.3)
)
(/usr/local/texlive/2017/texmf-dist/tex/generic/pgf/basiclayer/pgfcoreobjects.c
ode.tex
File: pgfcoreobjects.code.tex 2006/10/11  (rcs-revision 1.2)
)
(/usr/local/texlive/2017/texmf-dist/tex/generic/pgf/basiclayer/pgfcorepathproce
ssing.code.tex
File: pgfcorepathprocessing.code.tex 2013/09/09  (rcs-revision 1.9)
)
(/usr/local/texlive/2017/texmf-dist/tex/generic/pgf/basiclayer/pgfcorearrows.co
de.tex
File: pgfcorearrows.code.tex 2015/05/14  (rcs-revision 1.43)
\pgfarrowsep=\dimen162
)
(/usr/local/texlive/2017/texmf-dist/tex/generic/pgf/basiclayer/pgfcoreshade.cod
e.tex
File: pgfcoreshade.code.tex 2013/07/15  (rcs-revision 1.15)
\pgf@max=\dimen163
\pgf@sys@shading@range@num=\count116
)
(/usr/local/texlive/2017/texmf-dist/tex/generic/pgf/basiclayer/pgfcoreimage.cod
e.tex
File: pgfcoreimage.code.tex 2013/07/15  (rcs-revision 1.18)

(/usr/local/texlive/2017/texmf-dist/tex/generic/pgf/basiclayer/pgfcoreexternal.
code.tex
File: pgfcoreexternal.code.tex 2014/07/09  (rcs-revision 1.21)
\pgfexternal@startupbox=\box39
))
(/usr/local/texlive/2017/texmf-dist/tex/generic/pgf/basiclayer/pgfcorelayers.co
de.tex
File: pgfcorelayers.code.tex 2013/07/18  (rcs-revision 1.7)
)
(/usr/local/texlive/2017/texmf-dist/tex/generic/pgf/basiclayer/pgfcoretranspare
ncy.code.tex
File: pgfcoretransparency.code.tex 2013/09/30  (rcs-revision 1.5)
)
(/usr/local/texlive/2017/texmf-dist/tex/generic/pgf/basiclayer/pgfcorepatterns.
code.tex
File: pgfcorepatterns.code.tex 2013/11/07  (rcs-revision 1.5)
)))
(/usr/local/texlive/2017/texmf-dist/tex/latex/pgf/utilities/xxcolor.sty
Package: xxcolor 2003/10/24 ver 0.1
\XC@nummixins=\count117
\XC@countmixins=\count118
)
(/usr/local/texlive/2017/texmf-dist/tex/generic/oberdiek/atbegshi.sty
Package: atbegshi 2016/06/09 v1.18 At begin shipout hook (HO)
)
(/usr/local/texlive/2017/texmf-dist/tex/latex/hyperref/hyperref.sty
Package: hyperref 2017/03/14 v6.85a Hypertext links for LaTeX

(/usr/local/texlive/2017/texmf-dist/tex/generic/oberdiek/hobsub-hyperref.sty
Package: hobsub-hyperref 2016/05/16 v1.14 Bundle oberdiek, subset hyperref (HO)


(/usr/local/texlive/2017/texmf-dist/tex/generic/oberdiek/hobsub-generic.sty
Package: hobsub-generic 2016/05/16 v1.14 Bundle oberdiek, subset generic (HO)
Package: hobsub 2016/05/16 v1.14 Construct package bundles (HO)
Package hobsub Info: Skipping package `infwarerr' (already loaded).
Package hobsub Info: Skipping package `ltxcmds' (already loaded).
Package: ifluatex 2016/05/16 v1.4 Provides the ifluatex switch (HO)
Package ifluatex Info: LuaTeX not detected.
Package hobsub Info: Skipping package `ifvtex' (already loaded).
Package: intcalc 2016/05/16 v1.2 Expandable calculations with integers (HO)
Package hobsub Info: Skipping package `ifpdf' (already loaded).
Package: etexcmds 2016/05/16 v1.6 Avoid name clashes with e-TeX commands (HO)
Package etexcmds Info: Could not find \expanded.
(etexcmds)             That can mean that you are not using pdfTeX 1.50 or
(etexcmds)             that some package has redefined \expanded.
(etexcmds)             In the latter case, load this package earlier.
Package: kvsetkeys 2016/05/16 v1.17 Key value parser (HO)
Package: kvdefinekeys 2016/05/16 v1.4 Define keys (HO)
Package: pdftexcmds 2017/03/19 v0.25 Utility functions of pdfTeX for LuaTeX (HO
)
Package pdftexcmds Info: LuaTeX not detected.
Package pdftexcmds Info: \pdf@primitive is available.
Package pdftexcmds Info: \pdf@ifprimitive is available.
Package pdftexcmds Info: \pdfdraftmode found.
Package: pdfescape 2016/05/16 v1.14 Implements pdfTeX's escape features (HO)
Package: bigintcalc 2016/05/16 v1.4 Expandable calculations on big integers (HO
)
Package: bitset 2016/05/16 v1.2 Handle bit-vector datatype (HO)
Package: uniquecounter 2016/05/16 v1.3 Provide unlimited unique counter (HO)
)
Package hobsub Info: Skipping package `hobsub' (already loaded).
Package: letltxmacro 2016/05/16 v1.5 Let assignment for LaTeX macros (HO)
Package: hopatch 2016/05/16 v1.3 Wrapper for package hooks (HO)
Package: xcolor-patch 2016/05/16 xcolor patch
Package: atveryend 2016/05/16 v1.9 Hooks at the very end of document (HO)
Package hobsub Info: Skipping package `atbegshi' (already loaded).
Package: refcount 2016/05/16 v3.5 Data extraction from label references (HO)
Package: hycolor 2016/05/16 v1.8 Color options for hyperref/bookmark (HO)
)
(/usr/local/texlive/2017/texmf-dist/tex/latex/oberdiek/auxhook.sty
Package: auxhook 2016/05/16 v1.4 Hooks for auxiliary files (HO)
)
(/usr/local/texlive/2017/texmf-dist/tex/latex/oberdiek/kvoptions.sty
Package: kvoptions 2016/05/16 v3.12 Key value format for package options (HO)
)
\@linkdim=\dimen164
\Hy@linkcounter=\count119
\Hy@pagecounter=\count120

(/usr/local/texlive/2017/texmf-dist/tex/latex/hyperref/pd1enc.def
File: pd1enc.def 2017/03/14 v6.85a Hyperref: PDFDocEncoding definition (HO)
)
\Hy@SavedSpaceFactor=\count121

(/usr/local/texlive/2017/texmf-dist/tex/latex/latexconfig/hyperref.cfg
File: hyperref.cfg 2002/06/06 v1.2 hyperref configuration of TeXLive
)
Package hyperref Info: Option `bookmarks' set `true' on input line 4374.
Package hyperref Info: Option `bookmarksopen' set `true' on input line 4374.
Package hyperref Info: Option `implicit' set `false' on input line 4374.
Package hyperref Info: Hyper figures OFF on input line 4498.
Package hyperref Info: Link nesting OFF on input line 4503.
Package hyperref Info: Hyper index ON on input line 4506.
Package hyperref Info: Plain pages OFF on input line 4513.
Package hyperref Info: Backreferencing OFF on input line 4518.
Package hyperref Info: Implicit mode OFF; no redefinition of LaTeX internals.
Package hyperref Info: Bookmarks ON on input line 4751.
\c@Hy@tempcnt=\count122

(/usr/local/texlive/2017/texmf-dist/tex/latex/url/url.sty
\Urlmuskip=\muskip10
Package: url 2013/09/16  ver 3.4  Verb mode for urls, etc.
)
LaTeX Info: Redefining \url on input line 5104.
\XeTeXLinkMargin=\dimen165
\Fld@menulength=\count123
\Field@Width=\dimen166
\Fld@charsize=\dimen167
Package hyperref Info: Hyper figures OFF on input line 6358.
Package hyperref Info: Link nesting OFF on input line 6363.
Package hyperref Info: Hyper index ON on input line 6366.
Package hyperref Info: backreferencing OFF on input line 6373.
Package hyperref Info: Link coloring OFF on input line 6378.
Package hyperref Info: Link coloring with OCG OFF on input line 6383.
Package hyperref Info: PDF/A mode OFF on input line 6388.
LaTeX Info: Redefining \ref on input line 6428.
LaTeX Info: Redefining \pageref on input line 6432.
\Hy@abspage=\count124


Package hyperref Message: Stopped early.

)

Package hyperref Message: Driver (autodetected): hpdftex.

(/usr/local/texlive/2017/texmf-dist/tex/latex/hyperref/hpdftex.def
File: hpdftex.def 2017/03/14 v6.85a Hyperref driver for pdfTeX
\Fld@listcount=\count125
\c@bookmark@seq@number=\count126

(/usr/local/texlive/2017/texmf-dist/tex/latex/oberdiek/rerunfilecheck.sty
Package: rerunfilecheck 2016/05/16 v1.8 Rerun checks for auxiliary files (HO)
Package uniquecounter Info: New unique counter `rerunfilecheck' on input line 2
82.
))
(/usr/local/texlive/2017/texmf-dist/tex/latex/beamer/beamerbaserequires.sty
(/usr/local/texlive/2017/texmf-dist/tex/latex/beamer/beamerbasecompatibility.st
y) (/usr/local/texlive/2017/texmf-dist/tex/latex/beamer/beamerbasefont.sty
(/usr/local/texlive/2017/texmf-dist/tex/latex/amsfonts/amssymb.sty
Package: amssymb 2013/01/14 v3.01 AMS font symbols

(/usr/local/texlive/2017/texmf-dist/tex/latex/amsfonts/amsfonts.sty
Package: amsfonts 2013/01/14 v3.01 Basic AMSFonts support
\@emptytoks=\toks26
\symAMSa=\mathgroup4
\symAMSb=\mathgroup5
LaTeX Font Info:    Overwriting math alphabet `\mathfrak' in version `bold'
(Font)                  U/euf/m/n --> U/euf/b/n on input line 106.
))
(/usr/local/texlive/2017/texmf-dist/tex/latex/sansmathaccent/sansmathaccent.sty
Package: sansmathaccent 2013/03/28
(/usr/local/texlive/2017/texmf-dist/tex/latex/filehook/filehook.sty
Package: filehook 2011/10/12 v0.5d Hooks for input files
)))
(/usr/local/texlive/2017/texmf-dist/tex/latex/beamer/beamerbasetranslator.sty
(/usr/local/texlive/2017/texmf-dist/tex/latex/beamer/translator/translator.sty
Package: translator 2010/06/12 ver 1.10

(/usr/local/texlive/2017/texmf-dist/tex/latex/beamer/translator/translator-lang
uage-mappings.tex)))
(/usr/local/texlive/2017/texmf-dist/tex/latex/beamer/beamerbasemisc.sty)
(/usr/local/texlive/2017/texmf-dist/tex/latex/beamer/beamerbasetwoscreens.sty)
(/usr/local/texlive/2017/texmf-dist/tex/latex/beamer/beamerbaseoverlay.sty
\beamer@argscount=\count127
\beamer@lastskipcover=\skip44
\beamer@trivlistdepth=\count128
)
(/usr/local/texlive/2017/texmf-dist/tex/latex/beamer/beamerbasetitle.sty)
(/usr/local/texlive/2017/texmf-dist/tex/latex/beamer/beamerbasesection.sty
\c@lecture=\count129
\c@part=\count130
\c@section=\count131
\c@subsection=\count132
\c@subsubsection=\count133
)
(/usr/local/texlive/2017/texmf-dist/tex/latex/beamer/beamerbaseframe.sty
\beamer@framebox=\box40
\beamer@frametitlebox=\box41
\beamer@zoombox=\box42
\beamer@zoomcount=\count134
\beamer@zoomframecount=\count135
\beamer@frametextheight=\dimen168
\c@subsectionslide=\count136
\beamer@frametopskip=\skip45
\beamer@framebottomskip=\skip46
\beamer@frametopskipautobreak=\skip47
\beamer@framebottomskipautobreak=\skip48
\beamer@envbody=\toks27
\framewidth=\dimen169
\c@framenumber=\count137
)
(/usr/local/texlive/2017/texmf-dist/tex/latex/beamer/beamerbaseverbatim.sty
\beamer@verbatimfileout=\write4
)
(/usr/local/texlive/2017/texmf-dist/tex/latex/beamer/beamerbaseframesize.sty
\beamer@splitbox=\box43
\beamer@autobreakcount=\count138
\beamer@autobreaklastheight=\dimen170
\beamer@frametitletoks=\toks28
\beamer@framesubtitletoks=\toks29
)
(/usr/local/texlive/2017/texmf-dist/tex/latex/beamer/beamerbaseframecomponents.
sty
\beamer@footins=\box44
) (/usr/local/texlive/2017/texmf-dist/tex/latex/beamer/beamerbasecolor.sty)
(/usr/local/texlive/2017/texmf-dist/tex/latex/beamer/beamerbasenotes.sty
\beamer@frameboxcopy=\box45
)
(/usr/local/texlive/2017/texmf-dist/tex/latex/beamer/beamerbasetoc.sty)
(/usr/local/texlive/2017/texmf-dist/tex/latex/beamer/beamerbasetemplates.sty
\beamer@sbttoks=\toks30

(/usr/local/texlive/2017/texmf-dist/tex/latex/beamer/beamerbaseauxtemplates.sty
(/usr/local/texlive/2017/texmf-dist/tex/latex/beamer/beamerbaseboxes.sty
\bmb@box=\box46
\bmb@colorbox=\box47
\bmb@boxshadow=\box48
\bmb@boxshadowball=\box49
\bmb@boxshadowballlarge=\box50
\bmb@temp=\dimen171
\bmb@dima=\dimen172
\bmb@dimb=\dimen173
\bmb@prevheight=\dimen174
)
\beamer@blockheadheight=\dimen175
))
(/usr/local/texlive/2017/texmf-dist/tex/latex/beamer/beamerbaselocalstructure.s
ty (/usr/local/texlive/2017/texmf-dist/tex/latex/tools/enumerate.sty
Package: enumerate 2015/07/23 v3.00 enumerate extensions (DPC)
\@enLab=\toks31
)
\c@figure=\count139
\c@table=\count140
\abovecaptionskip=\skip49
\belowcaptionskip=\skip50
)
(/usr/local/texlive/2017/texmf-dist/tex/latex/beamer/beamerbasenavigation.sty
\beamer@section@min@dim=\dimen176
)
(/usr/local/texlive/2017/texmf-dist/tex/latex/beamer/beamerbasetheorems.sty
(/usr/local/texlive/2017/texmf-dist/tex/latex/amsmath/amsmath.sty
Package: amsmath 2016/11/05 v2.16a AMS math features
\@mathmargin=\skip51

For additional information on amsmath, use the `?' option.
(/usr/local/texlive/2017/texmf-dist/tex/latex/amsmath/amstext.sty
Package: amstext 2000/06/29 v2.01 AMS text

(/usr/local/texlive/2017/texmf-dist/tex/latex/amsmath/amsgen.sty
File: amsgen.sty 1999/11/30 v2.0 generic functions
\@emptytoks=\toks32
\ex@=\dimen177
))
(/usr/local/texlive/2017/texmf-dist/tex/latex/amsmath/amsbsy.sty
Package: amsbsy 1999/11/29 v1.2d Bold Symbols
\pmbraise@=\dimen178
)
(/usr/local/texlive/2017/texmf-dist/tex/latex/amsmath/amsopn.sty
Package: amsopn 2016/03/08 v2.02 operator names
)
\inf@bad=\count141
LaTeX Info: Redefining \frac on input line 213.
\uproot@=\count142
\leftroot@=\count143
LaTeX Info: Redefining \overline on input line 375.
\classnum@=\count144
\DOTSCASE@=\count145
LaTeX Info: Redefining \ldots on input line 472.
LaTeX Info: Redefining \dots on input line 475.
LaTeX Info: Redefining \cdots on input line 596.
\Mathstrutbox@=\box51
\strutbox@=\box52
\big@size=\dimen179
LaTeX Font Info:    Redeclaring font encoding OML on input line 712.
LaTeX Font Info:    Redeclaring font encoding OMS on input line 713.
\macc@depth=\count146
\c@MaxMatrixCols=\count147
\dotsspace@=\muskip11
\c@parentequation=\count148
\dspbrk@lvl=\count149
\tag@help=\toks33
\row@=\count150
\column@=\count151
\maxfields@=\count152
\andhelp@=\toks34
\eqnshift@=\dimen180
\alignsep@=\dimen181
\tagshift@=\dimen182
\tagwidth@=\dimen183
\totwidth@=\dimen184
\lineht@=\dimen185
\@envbody=\toks35
\multlinegap=\skip52
\multlinetaggap=\skip53
\mathdisplay@stack=\toks36
LaTeX Info: Redefining \[ on input line 2817.
LaTeX Info: Redefining \] on input line 2818.
)
(/usr/local/texlive/2017/texmf-dist/tex/latex/amscls/amsthm.sty
Package: amsthm 2015/03/04 v2.20.2
\thm@style=\toks37
\thm@bodyfont=\toks38
\thm@headfont=\toks39
\thm@notefont=\toks40
\thm@headpunct=\toks41
\thm@preskip=\skip54
\thm@postskip=\skip55
\thm@headsep=\skip56
\dth@everypar=\toks42
)
\c@theorem=\count153
)
(/usr/local/texlive/2017/texmf-dist/tex/latex/beamer/beamerbasethemes.sty))
(/usr/local/texlive/2017/texmf-dist/tex/latex/beamer/themes/theme/beamerthemede
fault.sty
(/usr/local/texlive/2017/texmf-dist/tex/latex/beamer/themes/font/beamerfontthem
edefault.sty)
(/usr/local/texlive/2017/texmf-dist/tex/latex/beamer/themes/color/beamercolorth
emedefault.sty)
(/usr/local/texlive/2017/texmf-dist/tex/latex/beamer/themes/inner/beamerinnerth
emedefault.sty
\beamer@dima=\dimen186
\beamer@dimb=\dimen187
)
(/usr/local/texlive/2017/texmf-dist/tex/latex/beamer/themes/outer/beamerouterth
emedefault.sty)))
(/usr/local/texlive/2017/texmf-dist/tex/latex/pgf/utilities/pgfpages.sty
Package: pgfpages 2011/01/05 ver 0.02

(/usr/local/texlive/2017/texmf-dist/tex/latex/tools/calc.sty
Package: calc 2014/10/28 v4.3 Infix arithmetic (KKT,FJ)
\calc@Acount=\count154
\calc@Bcount=\count155
\calc@Adimen=\dimen188
\calc@Bdimen=\dimen189
\calc@Askip=\skip57
\calc@Bskip=\skip58
LaTeX Info: Redefining \setlength on input line 80.
LaTeX Info: Redefining \addtolength on input line 81.
\calc@Ccount=\count156
\calc@Cskip=\skip59
)
\pgf@logicalpages=\count157
\pgf@firstshipout=\count158
\pgf@lastshipout=\count159
\pgf@currentshipout=\count160
\pgf@cpn=\count161
\pgf@shipoutnextto=\count162
\pgfphysicalheight=\dimen190
\pgfphysicalwidth=\dimen191
\pgfpages@shipoutbox=\box53
)
(/usr/local/texlive/2017/texmf-dist/tex/latex/caption/caption.sty
Package: caption 2016/02/21 v3.3-144 Customizing captions (AR)

(/usr/local/texlive/2017/texmf-dist/tex/latex/caption/caption3.sty
Package: caption3 2016/05/22 v1.7-166 caption3 kernel (AR)
Package caption3 Info: TeX engine: e-TeX on input line 67.
\captionmargin=\dimen192
\captionmargin@=\dimen193
\captionwidth=\dimen194
\caption@tempdima=\dimen195
\caption@indent=\dimen196
\caption@parindent=\dimen197
\caption@hangindent=\dimen198
)
\c@ContinuedFloat=\count163
Package caption Info: beamer document class.
Package caption Info: hyperref package is loaded.
Package caption Info: Hyperref support is turned off
(caption)             because hyperref has stopped early.
)
(/usr/local/texlive/2017/texmf-dist/tex/latex/listings/listings.sty
\lst@mode=\count164
\lst@gtempboxa=\box54
\lst@token=\toks43
\lst@length=\count165
\lst@currlwidth=\dimen199
\lst@column=\count166
\lst@pos=\count167
\lst@lostspace=\dimen256
\lst@width=\dimen257
\lst@newlines=\count168
\lst@lineno=\count169
\lst@maxwidth=\dimen258

(/usr/local/texlive/2017/texmf-dist/tex/latex/listings/lstmisc.sty
File: lstmisc.sty 2015/06/04 1.6 (Carsten Heinz)
\c@lstnumber=\count170
\lst@skipnumbers=\count171
\lst@framebox=\box55
)
(/usr/local/texlive/2017/texmf-dist/tex/latex/listings/listings.cfg
File: listings.cfg 2015/06/04 1.6 listings configuration
))
Package: listings 2015/06/04 1.6 (Carsten Heinz)

(/usr/local/texlive/2017/texmf-dist/tex/latex/makecell/makecell.sty
Package: makecell 2009/08/03 V0.1e Managing of Tab Column Heads and Cells

(/usr/local/texlive/2017/texmf-dist/tex/latex/tools/array.sty
Package: array 2016/10/06 v2.4d Tabular extension package (FMi)
\col@sep=\dimen259
\extrarowheight=\dimen260
\NC@list=\toks44
\extratabsurround=\skip60
\backup@length=\skip61
)
\rotheadsize=\dimen261
\c@nlinenum=\count172
\TeXr@lab=\toks45
)
\pgfpages@box@1=\box56
\pgfpages@box@2=\box57

(/usr/local/texlive/2017/texmf-dist/tex/latex/beamer/themes/theme/beamerthemeBe
rgen.sty
(/usr/local/texlive/2017/texmf-dist/tex/latex/beamer/themes/color/beamercolorth
emeorchid.sty)
(/usr/local/texlive/2017/texmf-dist/tex/latex/beamer/themes/inner/beamerinnerth
emerectangles.sty)
(/usr/local/texlive/2017/texmf-dist/tex/latex/beamer/themes/inner/beamerinnerth
emeinmargin.sty))
(/usr/local/texlive/2017/texmf-dist/tex/latex/beamer/themes/color/beamercolorth
emebeetle.sty)

Package hyperref Warning: Token not allowed in a PDF string (PDFDocEncoding):
(hyperref)                removing `\\' on input line 19.


Package hyperref Warning: Token not allowed in a PDF string (PDFDocEncoding):
(hyperref)                removing `\\' on input line 19.

(./PresentasiSkripsi2.aux)
\openout1 = `PresentasiSkripsi2.aux'.

LaTeX Font Info:    Checking defaults for OML/cmm/m/it on input line 23.
LaTeX Font Info:    ... okay on input line 23.
LaTeX Font Info:    Checking defaults for T1/cmr/m/n on input line 23.
LaTeX Font Info:    ... okay on input line 23.
LaTeX Font Info:    Checking defaults for OT1/cmr/m/n on input line 23.
LaTeX Font Info:    ... okay on input line 23.
LaTeX Font Info:    Checking defaults for OMS/cmsy/m/n on input line 23.
LaTeX Font Info:    ... okay on input line 23.
LaTeX Font Info:    Checking defaults for OMX/cmex/m/n on input line 23.
LaTeX Font Info:    ... okay on input line 23.
LaTeX Font Info:    Checking defaults for U/cmr/m/n on input line 23.
LaTeX Font Info:    ... okay on input line 23.
LaTeX Font Info:    Checking defaults for PD1/pdf/m/n on input line 23.
LaTeX Font Info:    ... okay on input line 23.

*geometry* driver: auto-detecting
*geometry* detected driver: pdftex
*geometry* verbose mode - [ preamble ] result:
* driver: pdftex
* paper: custom
* layout: <same size as paper>
* layoutoffset:(h,v)=(0.0pt,0.0pt)
* modes: includehead includefoot 
* h-part:(L,W,R)=(98.3488pt, 258.54659pt, 7.29997pt)
* v-part:(T,H,B)=(0.0pt, 273.14662pt, 0.0pt)
* \paperwidth=364.19536pt
* \paperheight=273.14662pt
* \textwidth=258.54659pt
* \textheight=244.6939pt
* \oddsidemargin=26.07881pt
* \evensidemargin=26.07881pt
* \topmargin=-72.26999pt
* \headheight=14.22636pt
* \headsep=0.0pt
* \topskip=11.0pt
* \footskip=14.22636pt
* \marginparwidth=4.0pt
* \marginparsep=10.0pt
* \columnsep=10.0pt
* \skip\footins=10.0pt plus 4.0pt minus 2.0pt
* \hoffset=0.0pt
* \voffset=0.0pt
* \mag=1000
* \@twocolumnfalse
* \@twosidefalse
* \@mparswitchfalse
* \@reversemarginfalse
* (1in=72.27pt=25.4mm, 1cm=28.453pt)

(/usr/local/texlive/2017/texmf-dist/tex/context/base/mkii/supp-pdf.mkii
[Loading MPS to PDF converter (version 2006.09.02).]
\scratchcounter=\count173
\scratchdimen=\dimen262
\scratchbox=\box58
\nofMPsegments=\count174
\nofMParguments=\count175
\everyMPshowfont=\toks46
\MPscratchCnt=\count176
\MPscratchDim=\dimen263
\MPnumerator=\count177
\makeMPintoPDFobject=\count178
\everyMPtoPDFconversion=\toks47
) (/usr/local/texlive/2017/texmf-dist/tex/latex/oberdiek/epstopdf-base.sty
Package: epstopdf-base 2016/05/15 v2.6 Base part for package epstopdf

(/usr/local/texlive/2017/texmf-dist/tex/latex/oberdiek/grfext.sty
Package: grfext 2016/05/16 v1.2 Manage graphics extensions (HO)
)
Package epstopdf-base Info: Redefining graphics rule for `.eps' on input line 4
38.
Package grfext Info: Graphics extension search list:
(grfext)             [.png,.pdf,.jpg,.mps,.jpeg,.jbig2,.jb2,.PNG,.PDF,.JPG,.JPE
G,.JBIG2,.JB2,.eps]
(grfext)             \AppendGraphicsExtensions on input line 456.

(/usr/local/texlive/2017/texmf-dist/tex/latex/latexconfig/epstopdf-sys.cfg
File: epstopdf-sys.cfg 2010/07/13 v1.3 Configuration of (r)epstopdf for TeX Liv
e
))
ABD: EveryShipout initializing macros
\AtBeginShipoutBox=\box59
Package hyperref Info: Link coloring OFF on input line 23.

(/usr/local/texlive/2017/texmf-dist/tex/latex/hyperref/nameref.sty
Package: nameref 2016/05/21 v2.44 Cross-referencing by name of section

(/usr/local/texlive/2017/texmf-dist/tex/generic/oberdiek/gettitlestring.sty
Package: gettitlestring 2016/05/16 v1.5 Cleanup title references (HO)
)
\c@section@level=\count179
)
LaTeX Info: Redefining \ref on input line 23.
LaTeX Info: Redefining \pageref on input line 23.
LaTeX Info: Redefining \nameref on input line 23.

(./PresentasiSkripsi2.out) (./PresentasiSkripsi2.out)
\@outlinefile=\write5
\openout5 = `PresentasiSkripsi2.out'.

LaTeX Font Info:    Overwriting symbol font `operators' in version `normal'
(Font)                  OT1/cmr/m/n --> OT1/cmss/m/n on input line 23.
LaTeX Font Info:    Overwriting symbol font `operators' in version `bold'
(Font)                  OT1/cmr/bx/n --> OT1/cmss/bx/n on input line 23.
\symnumbers=\mathgroup6
\sympureletters=\mathgroup7
LaTeX Font Info:    Overwriting math alphabet `\mathrm' in version `normal'
(Font)                  OT1/cmss/m/n --> OT1/cmr/m/n on input line 23.
LaTeX Font Info:    Redeclaring math alphabet \mathbf on input line 23.
LaTeX Font Info:    Overwriting math alphabet `\mathbf' in version `normal'
(Font)                  OT1/cmr/bx/n --> OT1/cmss/bx/n on input line 23.
LaTeX Font Info:    Overwriting math alphabet `\mathbf' in version `bold'
(Font)                  OT1/cmr/bx/n --> OT1/cmss/bx/n on input line 23.
LaTeX Font Info:    Redeclaring math alphabet \mathsf on input line 23.
LaTeX Font Info:    Overwriting math alphabet `\mathsf' in version `normal'
(Font)                  OT1/cmss/m/n --> OT1/cmss/m/n on input line 23.
LaTeX Font Info:    Overwriting math alphabet `\mathsf' in version `bold'
(Font)                  OT1/cmss/bx/n --> OT1/cmss/m/n on input line 23.
LaTeX Font Info:    Redeclaring math alphabet \mathit on input line 23.
LaTeX Font Info:    Overwriting math alphabet `\mathit' in version `normal'
(Font)                  OT1/cmr/m/it --> OT1/cmss/m/it on input line 23.
LaTeX Font Info:    Overwriting math alphabet `\mathit' in version `bold'
(Font)                  OT1/cmr/bx/it --> OT1/cmss/m/it on input line 23.
LaTeX Font Info:    Redeclaring math alphabet \mathtt on input line 23.
LaTeX Font Info:    Overwriting math alphabet `\mathtt' in version `normal'
(Font)                  OT1/cmtt/m/n --> OT1/cmtt/m/n on input line 23.
LaTeX Font Info:    Overwriting math alphabet `\mathtt' in version `bold'
(Font)                  OT1/cmtt/m/n --> OT1/cmtt/m/n on input line 23.
LaTeX Font Info:    Overwriting symbol font `numbers' in version `bold'
(Font)                  OT1/cmss/m/n --> OT1/cmss/bx/n on input line 23.
LaTeX Font Info:    Overwriting symbol font `pureletters' in version `bold'
(Font)                  OT1/cmss/m/it --> OT1/cmss/bx/it on input line 23.
LaTeX Font Info:    Overwriting math alphabet `\mathrm' in version `bold'
(Font)                  OT1/cmss/bx/n --> OT1/cmr/bx/n on input line 23.
LaTeX Font Info:    Overwriting math alphabet `\mathbf' in version `bold'
(Font)                  OT1/cmss/bx/n --> OT1/cmss/bx/n on input line 23.
LaTeX Font Info:    Overwriting math alphabet `\mathsf' in version `bold'
(Font)                  OT1/cmss/m/n --> OT1/cmss/bx/n on input line 23.
LaTeX Font Info:    Overwriting math alphabet `\mathit' in version `bold'
(Font)                  OT1/cmss/m/it --> OT1/cmss/bx/it on input line 23.
LaTeX Font Info:    Overwriting math alphabet `\mathtt' in version `bold'
(Font)                  OT1/cmtt/m/n --> OT1/cmtt/bx/n on input line 23.
LaTeX Font Info:    Redeclaring symbol font `pureletters' on input line 23.
LaTeX Font Info:    Overwriting symbol font `pureletters' in version `normal'
(Font)                  OT1/cmss/m/it --> OT1/mathkerncmss/m/sl on input line 2
3.
LaTeX Font Info:    Overwriting symbol font `pureletters' in version `bold'
(Font)                  OT1/cmss/bx/it --> OT1/mathkerncmss/m/sl on input line 
23.
LaTeX Font Info:    Overwriting symbol font `pureletters' in version `bold'
(Font)                  OT1/mathkerncmss/m/sl --> OT1/mathkerncmss/bx/sl on inp
ut line 23.

(/usr/local/texlive/2017/texmf-dist/tex/latex/beamer/translator/dicts/translato
r-basic-dictionary/translator-basic-dictionary-English.dict
Dictionary: translator-basic-dictionary, Language: English 
)
(/usr/local/texlive/2017/texmf-dist/tex/latex/beamer/translator/dicts/translato
r-bibliography-dictionary/translator-bibliography-dictionary-English.dict
Dictionary: translator-bibliography-dictionary, Language: English 
)
(/usr/local/texlive/2017/texmf-dist/tex/latex/beamer/translator/dicts/translato
r-environment-dictionary/translator-environment-dictionary-English.dict
Dictionary: translator-environment-dictionary, Language: English 
)
(/usr/local/texlive/2017/texmf-dist/tex/latex/beamer/translator/dicts/translato
r-months-dictionary/translator-months-dictionary-English.dict
Dictionary: translator-months-dictionary, Language: English 
)
(/usr/local/texlive/2017/texmf-dist/tex/latex/beamer/translator/dicts/translato
r-numbers-dictionary/translator-numbers-dictionary-English.dict
Dictionary: translator-numbers-dictionary, Language: English 
)
(/usr/local/texlive/2017/texmf-dist/tex/latex/beamer/translator/dicts/translato
r-theorem-dictionary/translator-theorem-dictionary-English.dict
Dictionary: translator-theorem-dictionary, Language: English 
)
LaTeX Info: Redefining \includegraphics on input line 23.
Package caption Info: Begin \AtBeginDocument code.
Package caption Info: listings package is loaded.
Package caption Info: End \AtBeginDocument code.
\c@lstlisting=\count180

(./PresentasiSkripsi2.nav)

LaTeX Font Warning: Font shape `OT1/cmss/m/n' in size <4> not available
(Font)              size <5> substituted on input line 27.

[2

{/usr/local/texlive/2017/texmf-var/fonts/map/pdftex/updmap/pdftex.map}pdfTeX wa
rning (ext4): destination with the same identifier (name{Navigation1}) has been
 already used, duplicate ignored

\pgfpages@shipoutshipoutbox ...physicalpagesizes }
                                                  \endgroup 
l.39 \end{frame}
                pdfTeX warning (ext4): destination with the same identifier (na
me{page.1}) has been already used, duplicate ignored

\pgfpages@shipoutshipoutbox ...physicalpagesizes }
                                                  \endgroup 
l.39 \end{frame}
                

]
LaTeX Font Info:    Try loading font information for U+msa on input line 58.

(/usr/local/texlive/2017/texmf-dist/tex/latex/amsfonts/umsa.fd
File: umsa.fd 2013/01/14 v3.01 AMS symbols A
)
LaTeX Font Info:    Try loading font information for U+msb on input line 58.

(/usr/local/texlive/2017/texmf-dist/tex/latex/amsfonts/umsb.fd
File: umsb.fd 2013/01/14 v3.01 AMS symbols B
)
LaTeX Font Info:    Try loading font information for OT1+mathkerncmss on input 
line 58.

(/usr/local/texlive/2017/texmf-dist/tex/latex/sansmathaccent/ot1mathkerncmss.fd
File: ot1mathkerncmss.fd 2013/03/27 Fontinst v1.933 font definitions for OT1/ma
thkerncmss.
) [3

pdfTeX warning (ext4): destination with the same identifier (name{Navigation2})
 has been already used, duplicate ignored

\pgfpages@shipoutshipoutbox ...physicalpagesizes }
                                                  \endgroup 
l.58 \end{frame}
                pdfTeX warning (ext4): destination with the same identifier (na
me{page.2}) has been already used, duplicate ignored

\pgfpages@shipoutshipoutbox ...physicalpagesizes }
                                                  \endgroup 
l.58 \end{frame}
                

] [4

pdfTeX warning (ext4): destination with the same identifier (name{Navigation3})
 has been already used, duplicate ignored

\pgfpages@shipoutshipoutbox ...physicalpagesizes }
                                                  \endgroup 
l.77 \end{frame}
                pdfTeX warning (ext4): destination with the same identifier (na
me{page.3}) has been already used, duplicate ignored

\pgfpages@shipoutshipoutbox ...physicalpagesizes }
                                                  \endgroup 
l.77 \end{frame}
                

] <Gambar/Backtracking1.jpg, id=203, 150.5625pt x 150.5625pt>
File: Gambar/Backtracking1.jpg Graphic file (type jpg)

<use Gambar/Backtracking1.jpg>
Package pdftex.def Info: Gambar/Backtracking1.jpg used on input line 100.
(pdftex.def)             Requested size: 150.56212pt x 150.56212pt.
 [5

pdfTeX warning (ext4): destination with the same identifier (name{Navigation4})
 has been already used, duplicate ignored

\pgfpages@shipoutshipoutbox ...physicalpagesizes }
                                                  \endgroup 
l.100 \end{frame}
                 pdfTeX warning (ext4): destination with the same identifier (n
ame{page.4}) has been already used, duplicate ignored

\pgfpages@shipoutshipoutbox ...physicalpagesizes }
                                                  \endgroup 
l.100 \end{frame}
                 

] <Gambar/Backtracking2.jpg, id=234, 150.5625pt x 150.5625pt>
File: Gambar/Backtracking2.jpg Graphic file (type jpg)

<use Gambar/Backtracking2.jpg>
Package pdftex.def Info: Gambar/Backtracking2.jpg used on input line 111.
(pdftex.def)             Requested size: 150.56212pt x 150.56212pt.
 [6

pdfTeX warning (ext4): destination with the same identifier (name{Navigation5})
 has been already used, duplicate ignored

\pgfpages@shipoutshipoutbox ...physicalpagesizes }
                                                  \endgroup 
l.111 \end{frame}
                 pdfTeX warning (ext4): destination with the same identifier (n
ame{page.5}) has been already used, duplicate ignored

\pgfpages@shipoutshipoutbox ...physicalpagesizes }
                                                  \endgroup 
l.111 \end{frame}
                 

 <./Gambar/Backtracking1.jpg>] [7

pdfTeX warning (ext4): destination with the same identifier (name{Navigation6})
 has been already used, duplicate ignored

\pgfpages@shipoutshipoutbox ...physicalpagesizes }
                                                  \endgroup 
l.123 \end{frame}
                 pdfTeX warning (ext4): destination with the same identifier (n
ame{page.6}) has been already used, duplicate ignored

\pgfpages@shipoutshipoutbox ...physicalpagesizes }
                                                  \endgroup 
l.123 \end{frame}
                 

 <./Gambar/Backtracking2.jpg>] [8

pdfTeX warning (ext4): destination with the same identifier (name{Navigation7})
 has been already used, duplicate ignored

\pgfpages@shipoutshipoutbox ...physicalpagesizes }
                                                  \endgroup 
l.141 \end{frame}
                 pdfTeX warning (ext4): destination with the same identifier (n
ame{page.7}) has been already used, duplicate ignored

\pgfpages@shipoutshipoutbox ...physicalpagesizes }
                                                  \endgroup 
l.141 \end{frame}
                 

] [9

pdfTeX warning (ext4): destination with the same identifier (name{Navigation8})
 has been already used, duplicate ignored

\pgfpages@shipoutshipoutbox ...physicalpagesizes }
                                                  \endgroup 
l.163 \end{frame}
                 pdfTeX warning (ext4): destination with the same identifier (n
ame{page.8}) has been already used, duplicate ignored

\pgfpages@shipoutshipoutbox ...physicalpagesizes }
                                                  \endgroup 
l.163 \end{frame}
                 

] [10

pdfTeX warning (ext4): destination with the same identifier (name{Navigation9})
 has been already used, duplicate ignored

\pgfpages@shipoutshipoutbox ...physicalpagesizes }
                                                  \endgroup 
l.181 \end{frame}
                 pdfTeX warning (ext4): destination with the same identifier (n
ame{page.9}) has been already used, duplicate ignored

\pgfpages@shipoutshipoutbox ...physicalpagesizes }
                                                  \endgroup 
l.181 \end{frame}
                 



pdfTeX warning: /Library/TeX/texbin/pdflatex: pop empty color page stack 0
] [11

pdfTeX warning (ext4): destination with the same identifier (name{Navigation10}
) has been already used, duplicate ignored

\pgfpages@shipoutshipoutbox ...physicalpagesizes }
                                                  \endgroup 
l.194 \end{frame}
                 pdfTeX warning (ext4): destination with the same identifier (n
ame{page.10}) has been already used, duplicate ignored

\pgfpages@shipoutshipoutbox ...physicalpagesizes }
                                                  \endgroup 
l.194 \end{frame}
                 



pdfTeX warning: /Library/TeX/texbin/pdflatex: pop empty color page stack 0
] [12

pdfTeX warning (ext4): destination with the same identifier (name{Navigation11}
) has been already used, duplicate ignored

\pgfpages@shipoutshipoutbox ...physicalpagesizes }
                                                  \endgroup 
l.212 \end{frame}
                 pdfTeX warning (ext4): destination with the same identifier (n
ame{page.11}) has been already used, duplicate ignored

\pgfpages@shipoutshipoutbox ...physicalpagesizes }
                                                  \endgroup 
l.212 \end{frame}
                 



pdfTeX warning: /Library/TeX/texbin/pdflatex: pop empty color page stack 0
] [13

pdfTeX warning (ext4): destination with the same identifier (name{Navigation12}
) has been already used, duplicate ignored

\pgfpages@shipoutshipoutbox ...physicalpagesizes }
                                                  \endgroup 
l.239 \end{frame}
                 pdfTeX warning (ext4): destination with the same identifier (n
ame{page.12}) has been already used, duplicate ignored

\pgfpages@shipoutshipoutbox ...physicalpagesizes }
                                                  \endgroup 
l.239 \end{frame}
                 



pdfTeX warning: /Library/TeX/texbin/pdflatex: pop empty color page stack 0
]
LaTeX Font Info:    Try loading font information for OMS+cmss on input line 252
.
LaTeX Font Info:    No file OMScmss.fd. on input line 252.


LaTeX Font Warning: Font shape `OMS/cmss/m/n' undefined
(Font)              using `OMS/cmsy/m/n' instead
(Font)              for symbol `textbullet' on input line 252.

<Gambar/HybridGenetic7.jpg, id=522, 451.6875pt x 173.89969pt>
File: Gambar/HybridGenetic7.jpg Graphic file (type jpg)

<use Gambar/HybridGenetic7.jpg>
Package pdftex.def Info: Gambar/HybridGenetic7.jpg used on input line 266.
(pdftex.def)             Requested size: 225.84319pt x 86.94962pt.
 [14

pdfTeX warning (ext4): destination with the same identifier (name{Navigation13}
) has been already used, duplicate ignored

\pgfpages@shipoutshipoutbox ...physicalpagesizes }
                                                  \endgroup 
l.266 \end{frame}
                 pdfTeX warning (ext4): destination with the same identifier (n
ame{page.13}) has been already used, duplicate ignored

\pgfpages@shipoutshipoutbox ...physicalpagesizes }
                                                  \endgroup 
l.266 \end{frame}
                 



pdfTeX warning: /Library/TeX/texbin/pdflatex: pop empty color page stack 0
] [15

pdfTeX warning (ext4): destination with the same identifier (name{Navigation14}
) has been already used, duplicate ignored

\pgfpages@shipoutshipoutbox ...physicalpagesizes }
                                                  \endgroup 
l.291 \end{frame}
                 pdfTeX warning (ext4): destination with the same identifier (n
ame{page.14}) has been already used, duplicate ignored

\pgfpages@shipoutshipoutbox ...physicalpagesizes }
                                                  \endgroup 
l.291 \end{frame}
                 



pdfTeX warning: /Library/TeX/texbin/pdflatex: pop empty color page stack 0
 <./Gambar/HybridGenetic7.jpg>] [16

pdfTeX warning (ext4): destination with the same identifier (name{Navigation15}
) has been already used, duplicate ignored

\pgfpages@shipoutshipoutbox ...physicalpagesizes }
                                                  \endgroup 
l.329 \end{frame}
                 pdfTeX warning (ext4): destination with the same identifier (n
ame{page.15}) has been already used, duplicate ignored

\pgfpages@shipoutshipoutbox ...physicalpagesizes }
                                                  \endgroup 
l.329 \end{frame}
                 



pdfTeX warning: /Library/TeX/texbin/pdflatex: pop empty color page stack 0
] <Gambar/Analisis/DiagramUseCase.jpg, id=628, 977.6525pt x 1024.82875pt>
File: Gambar/Analisis/DiagramUseCase.jpg Graphic file (type jpg)

<use Gambar/Analisis/DiagramUseCase.jpg>
Package pdftex.def Info: Gambar/Analisis/DiagramUseCase.jpg used on input line 
358.
(pdftex.def)             Requested size: 195.52704pt x 204.96211pt.

Overfull \vbox (9.689pt too high) detected at line 358
 []

[17

pdfTeX warning (ext4): destination with the same identifier (name{Navigation16}
) has been already used, duplicate ignored

\pgfpages@shipoutshipoutbox ...physicalpagesizes }
                                                  \endgroup 
l.358 \end{frame}
                 pdfTeX warning (ext4): destination with the same identifier (n
ame{page.16}) has been already used, duplicate ignored

\pgfpages@shipoutshipoutbox ...physicalpagesizes }
                                                  \endgroup 
l.358 \end{frame}
                 



pdfTeX warning: /Library/TeX/texbin/pdflatex: pop empty color page stack 0
] <Gambar/Perancangan/PerancanganInput.png, id=662, 51.19125pt x 193.72375pt>
File: Gambar/Perancangan/PerancanganInput.png Graphic file (type png)

<use Gambar/Perancangan/PerancanganInput.png>
Package pdftex.def Info: Gambar/Perancangan/PerancanganInput.png used on input 
line 378.
(pdftex.def)             Requested size: 38.39333pt x 145.29245pt.
 [18

pdfTeX warning (ext4): destination with the same identifier (name{Navigation17}
) has been already used, duplicate ignored

\pgfpages@shipoutshipoutbox ...physicalpagesizes }
                                                  \endgroup 
l.378 \end{frame}
                 pdfTeX warning (ext4): destination with the same identifier (n
ame{page.17}) has been already used, duplicate ignored

\pgfpages@shipoutshipoutbox ...physicalpagesizes }
                                                  \endgroup 
l.378 \end{frame}
                 



pdfTeX warning: /Library/TeX/texbin/pdflatex: pop empty color page stack 0
 <./Gambar/Analisis/DiagramUseCase.jpg>] [19

pdfTeX warning (ext4): destination with the same identifier (name{Navigation18}
) has been already used, duplicate ignored

\pgfpages@shipoutshipoutbox ...physicalpagesizes }
                                                  \endgroup 
l.394 \end{frame}
                 pdfTeX warning (ext4): destination with the same identifier (n
ame{page.18}) has been already used, duplicate ignored

\pgfpages@shipoutshipoutbox ...physicalpagesizes }
                                                  \endgroup 
l.394 \end{frame}
                 



pdfTeX warning: /Library/TeX/texbin/pdflatex: pop empty color page stack 0
 <./Gambar/Perancangan/PerancanganInput.png>]
<Gambar/Perancangan/PerancanganOutput.png, id=733, 58.2175pt x 65.24374pt>
File: Gambar/Perancangan/PerancanganOutput.png Graphic file (type png)

<use Gambar/Perancangan/PerancanganOutput.png>
Package pdftex.def Info: Gambar/Perancangan/PerancanganOutput.png used on input
 line 417.
(pdftex.def)             Requested size: 58.21735pt x 65.24358pt.
 [20

pdfTeX warning (ext4): destination with the same identifier (name{Navigation19}
) has been already used, duplicate ignored

\pgfpages@shipoutshipoutbox ...physicalpagesizes }
                                                  \endgroup 
l.417 \end{frame}
                 pdfTeX warning (ext4): destination with the same identifier (n
ame{page.19}) has been already used, duplicate ignored

\pgfpages@shipoutshipoutbox ...physicalpagesizes }
                                                  \endgroup 
l.417 \end{frame}
                 



pdfTeX warning: /Library/TeX/texbin/pdflatex: pop empty color page stack 0
] [21

pdfTeX warning (ext4): destination with the same identifier (name{Navigation20}
) has been already used, duplicate ignored

\pgfpages@shipoutshipoutbox ...physicalpagesizes }
                                                  \endgroup 
l.434 \end{frame}
                 pdfTeX warning (ext4): destination with the same identifier (n
ame{page.20}) has been already used, duplicate ignored

\pgfpages@shipoutshipoutbox ...physicalpagesizes }
                                                  \endgroup 
l.434 \end{frame}
                 



pdfTeX warning: /Library/TeX/texbin/pdflatex: pop empty color page stack 0
 <./Gambar/Perancangan/PerancanganOutput.png>]
<Gambar/Perancangan/PerancanganGUI1.png, id=802, 303.1325pt x 367.3725pt>
File: Gambar/Perancangan/PerancanganGUI1.png Graphic file (type png)

<use Gambar/Perancangan/PerancanganGUI1.png>
Package pdftex.def Info: Gambar/Perancangan/PerancanganGUI1.png used on input l
ine 458.
(pdftex.def)             Requested size: 121.25084pt x 146.94638pt.
 [22

pdfTeX warning (ext4): destination with the same identifier (name{Navigation21}
) has been already used, duplicate ignored

\pgfpages@shipoutshipoutbox ...physicalpagesizes }
                                                  \endgroup 
l.458 \end{frame}
                 pdfTeX warning (ext4): destination with the same identifier (n
ame{page.21}) has been already used, duplicate ignored

\pgfpages@shipoutshipoutbox ...physicalpagesizes }
                                                  \endgroup 
l.458 \end{frame}
                 



pdfTeX warning: /Library/TeX/texbin/pdflatex: pop empty color page stack 0
] <Gambar/Perancangan/PerancanganGUI2.png, id=837, 303.1325pt x 367.3725pt>
File: Gambar/Perancangan/PerancanganGUI2.png Graphic file (type png)

<use Gambar/Perancangan/PerancanganGUI2.png>
Package pdftex.def Info: Gambar/Perancangan/PerancanganGUI2.png used on input l
ine 476.
(pdftex.def)             Requested size: 121.25084pt x 146.94638pt.
 [23

pdfTeX warning (ext4): destination with the same identifier (name{Navigation22}
) has been already used, duplicate ignored

\pgfpages@shipoutshipoutbox ...physicalpagesizes }
                                                  \endgroup 
l.476 \end{frame}
                 pdfTeX warning (ext4): destination with the same identifier (n
ame{page.22}) has been already used, duplicate ignored

\pgfpages@shipoutshipoutbox ...physicalpagesizes }
                                                  \endgroup 
l.476 \end{frame}
                 



pdfTeX warning: /Library/TeX/texbin/pdflatex: pop empty color page stack 0
 <./Gambar/Perancangan/PerancanganGUI1.png>]
<Gambar/Perancangan/PerancanganGUI3.png, id=874, 303.1325pt x 367.3725pt>
File: Gambar/Perancangan/PerancanganGUI3.png Graphic file (type png)

<use Gambar/Perancangan/PerancanganGUI3.png>
Package pdftex.def Info: Gambar/Perancangan/PerancanganGUI3.png used on input l
ine 494.
(pdftex.def)             Requested size: 121.25084pt x 146.94638pt.
 [24

pdfTeX warning (ext4): destination with the same identifier (name{Navigation23}
) has been already used, duplicate ignored

\pgfpages@shipoutshipoutbox ...physicalpagesizes }
                                                  \endgroup 
l.494 \end{frame}
                 pdfTeX warning (ext4): destination with the same identifier (n
ame{page.23}) has been already used, duplicate ignored

\pgfpages@shipoutshipoutbox ...physicalpagesizes }
                                                  \endgroup 
l.494 \end{frame}
                 



pdfTeX warning: /Library/TeX/texbin/pdflatex: pop empty color page stack 0
 <./Gambar/Perancangan/PerancanganGUI2.png>]
<Gambar/Perancangan/PerancanganGUIMenuFile.png, id=911, 180.675pt x 160.6pt>
File: Gambar/Perancangan/PerancanganGUIMenuFile.png Graphic file (type png)

<use Gambar/Perancangan/PerancanganGUIMenuFile.png>
Package pdftex.def Info: Gambar/Perancangan/PerancanganGUIMenuFile.png used on 
input line 520.
(pdftex.def)             Requested size: 90.33727pt x 80.29979pt.
 [25

pdfTeX warning (ext4): destination with the same identifier (name{Navigation24}
) has been already used, duplicate ignored

\pgfpages@shipoutshipoutbox ...physicalpagesizes }
                                                  \endgroup 
l.520 \end{frame}
                 pdfTeX warning (ext4): destination with the same identifier (n
ame{page.24}) has been already used, duplicate ignored

\pgfpages@shipoutshipoutbox ...physicalpagesizes }
                                                  \endgroup 
l.520 \end{frame}
                 



pdfTeX warning: /Library/TeX/texbin/pdflatex: pop empty color page stack 0
 <./Gambar/Perancangan/PerancanganGUI3.png>]
<Gambar/Perancangan/PerancanganGUIMenuSolve.png, id=949, 351.3125pt x 95.35625p
t>
File: Gambar/Perancangan/PerancanganGUIMenuSolve.png Graphic file (type png)
 <use Gambar/Perancangan/PerancanganGUIMenuSolve.png>
Package pdftex.def Info: Gambar/Perancangan/PerancanganGUIMenuSolve.png used on
 input line 552.
(pdftex.def)             Requested size: 175.6558pt x 47.678pt.
 [26

pdfTeX warning (ext4): destination with the same identifier (name{Navigation25}
) has been already used, duplicate ignored

\pgfpages@shipoutshipoutbox ...physicalpagesizes }
                                                  \endgroup 
l.552 \end{frame}
                 pdfTeX warning (ext4): destination with the same identifier (n
ame{page.25}) has been already used, duplicate ignored

\pgfpages@shipoutshipoutbox ...physicalpagesizes }
                                                  \endgroup 
l.552 \end{frame}
                 



pdfTeX warning: /Library/TeX/texbin/pdflatex: pop empty color page stack 0
 <./Gambar/Perancangan/PerancanganGUIMenuFile.png>] [27

pdfTeX warning (ext4): destination with the same identifier (name{Navigation26}
) has been already used, duplicate ignored

\pgfpages@shipoutshipoutbox ...physicalpagesizes }
                                                  \endgroup 
l.575 \end{frame}
                 pdfTeX warning (ext4): destination with the same identifier (n
ame{page.26}) has been already used, duplicate ignored

\pgfpages@shipoutshipoutbox ...physicalpagesizes }
                                                  \endgroup 
l.575 \end{frame}
                 



pdfTeX warning: /Library/TeX/texbin/pdflatex: pop empty color page stack 0
 <./Gambar/Perancangan/PerancanganGUIMenuSolve.png>]
<Gambar/Perancangan/DiagramKelas.jpg, id=1022, 723.70375pt x 799.98875pt>
File: Gambar/Perancangan/DiagramKelas.jpg Graphic file (type jpg)

<use Gambar/Perancangan/DiagramKelas.jpg>
Package pdftex.def Info: Gambar/Perancangan/DiagramKelas.jpg used on input line
 596.
(pdftex.def)             Requested size: 180.92549pt x 199.99669pt.
 [28

pdfTeX warning (ext4): destination with the same identifier (name{Navigation27}
) has been already used, duplicate ignored

\pgfpages@shipoutshipoutbox ...physicalpagesizes }
                                                  \endgroup 
l.596 \end{frame}
                 pdfTeX warning (ext4): destination with the same identifier (n
ame{page.27}) has been already used, duplicate ignored

\pgfpages@shipoutshipoutbox ...physicalpagesizes }
                                                  \endgroup 
l.596 \end{frame}
                 



pdfTeX warning: /Library/TeX/texbin/pdflatex: pop empty color page stack 0
] [29

pdfTeX warning (ext4): destination with the same identifier (name{Navigation28}
) has been already used, duplicate ignored

\pgfpages@shipoutshipoutbox ...physicalpagesizes }
                                                  \endgroup 
l.615 \end{frame}
                 pdfTeX warning (ext4): destination with the same identifier (n
ame{page.28}) has been already used, duplicate ignored

\pgfpages@shipoutshipoutbox ...physicalpagesizes }
                                                  \endgroup 
l.615 \end{frame}
                 



pdfTeX warning: /Library/TeX/texbin/pdflatex: pop empty color page stack 0
 <./Gambar/Perancangan/DiagramKelas.jpg>] [30

pdfTeX warning (ext4): destination with the same identifier (name{Navigation29}
) has been already used, duplicate ignored

\pgfpages@shipoutshipoutbox ...physicalpagesizes }
                                                  \endgroup 
l.640 \end{frame}
                 pdfTeX warning (ext4): destination with the same identifier (n
ame{page.29}) has been already used, duplicate ignored

\pgfpages@shipoutshipoutbox ...physicalpagesizes }
                                                  \endgroup 
l.640 \end{frame}
                 



pdfTeX warning: /Library/TeX/texbin/pdflatex: pop empty color page stack 0
] [31

pdfTeX warning (ext4): destination with the same identifier (name{Navigation30}
) has been already used, duplicate ignored

\pgfpages@shipoutshipoutbox ...physicalpagesizes }
                                                  \endgroup 
l.666 \end{frame}
                 pdfTeX warning (ext4): destination with the same identifier (n
ame{page.30}) has been already used, duplicate ignored

\pgfpages@shipoutshipoutbox ...physicalpagesizes }
                                                  \endgroup 
l.666 \end{frame}
                 



pdfTeX warning: /Library/TeX/texbin/pdflatex: pop empty color page stack 0
]
Overfull \vbox (14.32062pt too high) detected at line 680
 []

\openout4 = `PresentasiSkripsi2.vrb'.

(./PresentasiSkripsi2.vrb) [32

pdfTeX warning (ext4): destination with the same identifier (name{Navigation31}
) has been already used, duplicate ignored

\pgfpages@shipoutshipoutbox ...physicalpagesizes }
                                                  \endgroup 
l.705 \end{frame}
                 pdfTeX warning (ext4): destination with the same identifier (n
ame{page.31}) has been already used, duplicate ignored

\pgfpages@shipoutshipoutbox ...physicalpagesizes }
                                                  \endgroup 
l.705 \end{frame}
                 



pdfTeX warning: /Library/TeX/texbin/pdflatex: pop empty color page stack 0
]
\openout4 = `PresentasiSkripsi2.vrb'.

 (./PresentasiSkripsi2.vrb
LaTeX Font Info:    Try loading font information for OML+cmss on input line 8.
LaTeX Font Info:    No file OMLcmss.fd. on input line 8.


LaTeX Font Warning: Font shape `OML/cmss/m/n' undefined
(Font)              using `OML/cmm/m/it' instead
(Font)              for symbol `textgreater' on input line 8.

) [33

pdfTeX warning (ext4): destination with the same identifier (name{Navigation32}
) has been already used, duplicate ignored

\pgfpages@shipoutshipoutbox ...physicalpagesizes }
                                                  \endgroup 
l.731 \end{frame}
                 pdfTeX warning (ext4): destination with the same identifier (n
ame{page.32}) has been already used, duplicate ignored

\pgfpages@shipoutshipoutbox ...physicalpagesizes }
                                                  \endgroup 
l.731 \end{frame}
                 



pdfTeX warning: /Library/TeX/texbin/pdflatex: pop empty color page stack 0
]
\openout4 = `PresentasiSkripsi2.vrb'.

 (./PresentasiSkripsi2.vrb) [34

pdfTeX warning (ext4): destination with the same identifier (name{Navigation33}
) has been already used, duplicate ignored

\pgfpages@shipoutshipoutbox ...physicalpagesizes }
                                                  \endgroup 
l.761 \end{frame}
                 pdfTeX warning (ext4): destination with the same identifier (n
ame{page.33}) has been already used, duplicate ignored

\pgfpages@shipoutshipoutbox ...physicalpagesizes }
                                                  \endgroup 
l.761 \end{frame}
                 



pdfTeX warning: /Library/TeX/texbin/pdflatex: pop empty color page stack 0
]
\openout4 = `PresentasiSkripsi2.vrb'.

 (./PresentasiSkripsi2.vrb) [35

pdfTeX warning (ext4): destination with the same identifier (name{Navigation34}
) has been already used, duplicate ignored

\pgfpages@shipoutshipoutbox ...physicalpagesizes }
                                                  \endgroup 
l.786 \end{frame}
                 pdfTeX warning (ext4): destination with the same identifier (n
ame{page.34}) has been already used, duplicate ignored

\pgfpages@shipoutshipoutbox ...physicalpagesizes }
                                                  \endgroup 
l.786 \end{frame}
                 



pdfTeX warning: /Library/TeX/texbin/pdflatex: pop empty color page stack 0
]
\openout4 = `PresentasiSkripsi2.vrb'.

 (./PresentasiSkripsi2.vrb) [36

pdfTeX warning (ext4): destination with the same identifier (name{Navigation35}
) has been already used, duplicate ignored

\pgfpages@shipoutshipoutbox ...physicalpagesizes }
                                                  \endgroup 
l.814 \end{frame}
                 pdfTeX warning (ext4): destination with the same identifier (n
ame{page.35}) has been already used, duplicate ignored

\pgfpages@shipoutshipoutbox ...physicalpagesizes }
                                                  \endgroup 
l.814 \end{frame}
                 



pdfTeX warning: /Library/TeX/texbin/pdflatex: pop empty color page stack 0
]
\openout4 = `PresentasiSkripsi2.vrb'.

 (./PresentasiSkripsi2.vrb) [37

pdfTeX warning (ext4): destination with the same identifier (name{Navigation36}
) has been already used, duplicate ignored

\pgfpages@shipoutshipoutbox ...physicalpagesizes }
                                                  \endgroup 
l.833 \end{frame}
                 pdfTeX warning (ext4): destination with the same identifier (n
ame{page.36}) has been already used, duplicate ignored

\pgfpages@shipoutshipoutbox ...physicalpagesizes }
                                                  \endgroup 
l.833 \end{frame}
                 



pdfTeX warning: /Library/TeX/texbin/pdflatex: pop empty color page stack 0
]
\openout4 = `PresentasiSkripsi2.vrb'.

 (./PresentasiSkripsi2.vrb) [38

pdfTeX warning (ext4): destination with the same identifier (name{Navigation37}
) has been already used, duplicate ignored

\pgfpages@shipoutshipoutbox ...physicalpagesizes }
                                                  \endgroup 
l.859 \end{frame}
                 pdfTeX warning (ext4): destination with the same identifier (n
ame{page.37}) has been already used, duplicate ignored

\pgfpages@shipoutshipoutbox ...physicalpagesizes }
                                                  \endgroup 
l.859 \end{frame}
                 



pdfTeX warning: /Library/TeX/texbin/pdflatex: pop empty color page stack 0
]
\openout4 = `PresentasiSkripsi2.vrb'.

 (./PresentasiSkripsi2.vrb) [39

pdfTeX warning (ext4): destination with the same identifier (name{Navigation38}
) has been already used, duplicate ignored

\pgfpages@shipoutshipoutbox ...physicalpagesizes }
                                                  \endgroup 
l.885 \end{frame}
                 pdfTeX warning (ext4): destination with the same identifier (n
ame{page.38}) has been already used, duplicate ignored

\pgfpages@shipoutshipoutbox ...physicalpagesizes }
                                                  \endgroup 
l.885 \end{frame}
                 



pdfTeX warning: /Library/TeX/texbin/pdflatex: pop empty color page stack 0
]
\openout4 = `PresentasiSkripsi2.vrb'.

 (./PresentasiSkripsi2.vrb) [40

pdfTeX warning (ext4): destination with the same identifier (name{Navigation39}
) has been already used, duplicate ignored

\pgfpages@shipoutshipoutbox ...physicalpagesizes }
                                                  \endgroup 
l.904 \end{frame}
                 pdfTeX warning (ext4): destination with the same identifier (n
ame{page.39}) has been already used, duplicate ignored

\pgfpages@shipoutshipoutbox ...physicalpagesizes }
                                                  \endgroup 
l.904 \end{frame}
                 



pdfTeX warning: /Library/TeX/texbin/pdflatex: pop empty color page stack 0
]
\openout4 = `PresentasiSkripsi2.vrb'.

 (./PresentasiSkripsi2.vrb) [41

pdfTeX warning (ext4): destination with the same identifier (name{Navigation40}
) has been already used, duplicate ignored

\pgfpages@shipoutshipoutbox ...physicalpagesizes }
                                                  \endgroup 
l.935 \end{frame}
                 pdfTeX warning (ext4): destination with the same identifier (n
ame{page.40}) has been already used, duplicate ignored

\pgfpages@shipoutshipoutbox ...physicalpagesizes }
                                                  \endgroup 
l.935 \end{frame}
                 



pdfTeX warning: /Library/TeX/texbin/pdflatex: pop empty color page stack 0
]
\openout4 = `PresentasiSkripsi2.vrb'.

 (./PresentasiSkripsi2.vrb) [42

pdfTeX warning (ext4): destination with the same identifier (name{Navigation41}
) has been already used, duplicate ignored

\pgfpages@shipoutshipoutbox ...physicalpagesizes }
                                                  \endgroup 
l.968 \end{frame}
                 pdfTeX warning (ext4): destination with the same identifier (n
ame{page.41}) has been already used, duplicate ignored

\pgfpages@shipoutshipoutbox ...physicalpagesizes }
                                                  \endgroup 
l.968 \end{frame}
                 



pdfTeX warning: /Library/TeX/texbin/pdflatex: pop empty color page stack 0
]
\openout4 = `PresentasiSkripsi2.vrb'.

 (./PresentasiSkripsi2.vrb
Overfull \hbox (1.55943pt too wide) in paragraph at lines 13--14
[][][][][][][][][][][][][][][][][][][][][] 
 []

) [43

pdfTeX warning (ext4): destination with the same identifier (name{Navigation42}
) has been already used, duplicate ignored

\pgfpages@shipoutshipoutbox ...physicalpagesizes }
                                                  \endgroup 
l.992 \end{frame}
                 pdfTeX warning (ext4): destination with the same identifier (n
ame{page.42}) has been already used, duplicate ignored

\pgfpages@shipoutshipoutbox ...physicalpagesizes }
                                                  \endgroup 
l.992 \end{frame}
                 



pdfTeX warning: /Library/TeX/texbin/pdflatex: pop empty color page stack 0
]
\openout4 = `PresentasiSkripsi2.vrb'.

 (./PresentasiSkripsi2.vrb) [44

pdfTeX warning (ext4): destination with the same identifier (name{Navigation43}
) has been already used, duplicate ignored

\pgfpages@shipoutshipoutbox ...physicalpagesizes }
                                                  \endgroup 
l.1029 \end{frame}
                  pdfTeX warning (ext4): destination with the same identifier (
name{page.43}) has been already used, duplicate ignored

\pgfpages@shipoutshipoutbox ...physicalpagesizes }
                                                  \endgroup 
l.1029 \end{frame}
                  



pdfTeX warning: /Library/TeX/texbin/pdflatex: pop empty color page stack 0
] [45

pdfTeX warning (ext4): destination with the same identifier (name{Navigation44}
) has been already used, duplicate ignored

\pgfpages@shipoutshipoutbox ...physicalpagesizes }
                                                  \endgroup 
l.1065 \end{frame}
                  pdfTeX warning (ext4): destination with the same identifier (
name{page.44}) has been already used, duplicate ignored

\pgfpages@shipoutshipoutbox ...physicalpagesizes }
                                                  \endgroup 
l.1065 \end{frame}
                  



pdfTeX warning: /Library/TeX/texbin/pdflatex: pop empty color page stack 0
] [46

pdfTeX warning (ext4): destination with the same identifier (name{Navigation45}
) has been already used, duplicate ignored

\pgfpages@shipoutshipoutbox ...physicalpagesizes }
                                                  \endgroup 
l.1079 \end{frame}
                  pdfTeX warning (ext4): destination with the same identifier (
name{page.45}) has been already used, duplicate ignored

\pgfpages@shipoutshipoutbox ...physicalpagesizes }
                                                  \endgroup 
l.1079 \end{frame}
                  



pdfTeX warning: /Library/TeX/texbin/pdflatex: pop empty color page stack 0
] [47

pdfTeX warning (ext4): destination with the same identifier (name{Navigation46}
) has been already used, duplicate ignored

\pgfpages@shipoutshipoutbox ...physicalpagesizes }
                                                  \endgroup 
l.1132 \end{frame}
                  pdfTeX warning (ext4): destination with the same identifier (
name{page.46}) has been already used, duplicate ignored

\pgfpages@shipoutshipoutbox ...physicalpagesizes }
                                                  \endgroup 
l.1132 \end{frame}
                  



pdfTeX warning: /Library/TeX/texbin/pdflatex: pop empty color page stack 0
] [48

pdfTeX warning (ext4): destination with the same identifier (name{Navigation47}
) has been already used, duplicate ignored

\pgfpages@shipoutshipoutbox ...physicalpagesizes }
                                                  \endgroup 
l.1165 \end{frame}
                  pdfTeX warning (ext4): destination with the same identifier (
name{page.47}) has been already used, duplicate ignored

\pgfpages@shipoutshipoutbox ...physicalpagesizes }
                                                  \endgroup 
l.1165 \end{frame}
                  



pdfTeX warning: /Library/TeX/texbin/pdflatex: pop empty color page stack 0
] [49

pdfTeX warning (ext4): destination with the same identifier (name{Navigation48}
) has been already used, duplicate ignored

\pgfpages@shipoutshipoutbox ...physicalpagesizes }
                                                  \endgroup 
l.1198 \end{frame}
                  pdfTeX warning (ext4): destination with the same identifier (
name{page.48}) has been already used, duplicate ignored

\pgfpages@shipoutshipoutbox ...physicalpagesizes }
                                                  \endgroup 
l.1198 \end{frame}
                  



pdfTeX warning: /Library/TeX/texbin/pdflatex: pop empty color page stack 0
] [50

pdfTeX warning (ext4): destination with the same identifier (name{Navigation49}
) has been already used, duplicate ignored

\pgfpages@shipoutshipoutbox ...physicalpagesizes }
                                                  \endgroup 
l.1231 \end{frame}
                  pdfTeX warning (ext4): destination with the same identifier (
name{page.49}) has been already used, duplicate ignored

\pgfpages@shipoutshipoutbox ...physicalpagesizes }
                                                  \endgroup 
l.1231 \end{frame}
                  



pdfTeX warning: /Library/TeX/texbin/pdflatex: pop empty color page stack 0
] [51

pdfTeX warning (ext4): destination with the same identifier (name{Navigation50}
) has been already used, duplicate ignored

\pgfpages@shipoutshipoutbox ...physicalpagesizes }
                                                  \endgroup 
l.1264 \end{frame}
                  pdfTeX warning (ext4): destination with the same identifier (
name{page.50}) has been already used, duplicate ignored

\pgfpages@shipoutshipoutbox ...physicalpagesizes }
                                                  \endgroup 
l.1264 \end{frame}
                  



pdfTeX warning: /Library/TeX/texbin/pdflatex: pop empty color page stack 0
] [52

pdfTeX warning (ext4): destination with the same identifier (name{Navigation51}
) has been already used, duplicate ignored

\pgfpages@shipoutshipoutbox ...physicalpagesizes }
                                                  \endgroup 
l.1297 \end{frame}
                  pdfTeX warning (ext4): destination with the same identifier (
name{page.51}) has been already used, duplicate ignored

\pgfpages@shipoutshipoutbox ...physicalpagesizes }
                                                  \endgroup 
l.1297 \end{frame}
                  



pdfTeX warning: /Library/TeX/texbin/pdflatex: pop empty color page stack 0
] [53

pdfTeX warning (ext4): destination with the same identifier (name{Navigation52}
) has been already used, duplicate ignored

\pgfpages@shipoutshipoutbox ...physicalpagesizes }
                                                  \endgroup 
l.1330 \end{frame}
                  pdfTeX warning (ext4): destination with the same identifier (
name{page.52}) has been already used, duplicate ignored

\pgfpages@shipoutshipoutbox ...physicalpagesizes }
                                                  \endgroup 
l.1330 \end{frame}
                  



pdfTeX warning: /Library/TeX/texbin/pdflatex: pop empty color page stack 0
] [54

pdfTeX warning (ext4): destination with the same identifier (name{Navigation53}
) has been already used, duplicate ignored

\pgfpages@shipoutshipoutbox ...physicalpagesizes }
                                                  \endgroup 
l.1363 \end{frame}
                  pdfTeX warning (ext4): destination with the same identifier (
name{page.53}) has been already used, duplicate ignored

\pgfpages@shipoutshipoutbox ...physicalpagesizes }
                                                  \endgroup 
l.1363 \end{frame}
                  



pdfTeX warning: /Library/TeX/texbin/pdflatex: pop empty color page stack 0
] [55

pdfTeX warning (ext4): destination with the same identifier (name{Navigation54}
) has been already used, duplicate ignored

\pgfpages@shipoutshipoutbox ...physicalpagesizes }
                                                  \endgroup 
l.1396 \end{frame}
                  pdfTeX warning (ext4): destination with the same identifier (
name{page.54}) has been already used, duplicate ignored

\pgfpages@shipoutshipoutbox ...physicalpagesizes }
                                                  \endgroup 
l.1396 \end{frame}
                  



pdfTeX warning: /Library/TeX/texbin/pdflatex: pop empty color page stack 0
] [56

pdfTeX warning (ext4): destination with the same identifier (name{Navigation55}
) has been already used, duplicate ignored

\pgfpages@shipoutshipoutbox ...physicalpagesizes }
                                                  \endgroup 
l.1429 \end{frame}
                  pdfTeX warning (ext4): destination with the same identifier (
name{page.55}) has been already used, duplicate ignored

\pgfpages@shipoutshipoutbox ...physicalpagesizes }
                                                  \endgroup 
l.1429 \end{frame}
                  



pdfTeX warning: /Library/TeX/texbin/pdflatex: pop empty color page stack 0
] [57

pdfTeX warning (ext4): destination with the same identifier (name{Navigation56}
) has been already used, duplicate ignored

\pgfpages@shipoutshipoutbox ...physicalpagesizes }
                                                  \endgroup 
l.1462 \end{frame}
                  pdfTeX warning (ext4): destination with the same identifier (
name{page.56}) has been already used, duplicate ignored

\pgfpages@shipoutshipoutbox ...physicalpagesizes }
                                                  \endgroup 
l.1462 \end{frame}
                  



pdfTeX warning: /Library/TeX/texbin/pdflatex: pop empty color page stack 0
] [58

pdfTeX warning (ext4): destination with the same identifier (name{Navigation57}
) has been already used, duplicate ignored

\pgfpages@shipoutshipoutbox ...physicalpagesizes }
                                                  \endgroup 
l.1495 \end{frame}
                  pdfTeX warning (ext4): destination with the same identifier (
name{page.57}) has been already used, duplicate ignored

\pgfpages@shipoutshipoutbox ...physicalpagesizes }
                                                  \endgroup 
l.1495 \end{frame}
                  



pdfTeX warning: /Library/TeX/texbin/pdflatex: pop empty color page stack 0
] [59

pdfTeX warning (ext4): destination with the same identifier (name{Navigation58}
) has been already used, duplicate ignored

\pgfpages@shipoutshipoutbox ...physicalpagesizes }
                                                  \endgroup 
l.1528 \end{frame}
                  pdfTeX warning (ext4): destination with the same identifier (
name{page.58}) has been already used, duplicate ignored

\pgfpages@shipoutshipoutbox ...physicalpagesizes }
                                                  \endgroup 
l.1528 \end{frame}
                  



pdfTeX warning: /Library/TeX/texbin/pdflatex: pop empty color page stack 0
] [60

pdfTeX warning (ext4): destination with the same identifier (name{Navigation59}
) has been already used, duplicate ignored

\pgfpages@shipoutshipoutbox ...physicalpagesizes }
                                                  \endgroup 
l.1561 \end{frame}
                  pdfTeX warning (ext4): destination with the same identifier (
name{page.59}) has been already used, duplicate ignored

\pgfpages@shipoutshipoutbox ...physicalpagesizes }
                                                  \endgroup 
l.1561 \end{frame}
                  



pdfTeX warning: /Library/TeX/texbin/pdflatex: pop empty color page stack 0
] [61

pdfTeX warning (ext4): destination with the same identifier (name{Navigation60}
) has been already used, duplicate ignored

\pgfpages@shipoutshipoutbox ...physicalpagesizes }
                                                  \endgroup 
l.1594 \end{frame}
                  pdfTeX warning (ext4): destination with the same identifier (
name{page.60}) has been already used, duplicate ignored

\pgfpages@shipoutshipoutbox ...physicalpagesizes }
                                                  \endgroup 
l.1594 \end{frame}
                  



pdfTeX warning: /Library/TeX/texbin/pdflatex: pop empty color page stack 0
] [62

pdfTeX warning (ext4): destination with the same identifier (name{Navigation61}
) has been already used, duplicate ignored

\pgfpages@shipoutshipoutbox ...physicalpagesizes }
                                                  \endgroup 
l.1627 \end{frame}
                  pdfTeX warning (ext4): destination with the same identifier (
name{page.61}) has been already used, duplicate ignored

\pgfpages@shipoutshipoutbox ...physicalpagesizes }
                                                  \endgroup 
l.1627 \end{frame}
                  



pdfTeX warning: /Library/TeX/texbin/pdflatex: pop empty color page stack 0
] [63

pdfTeX warning (ext4): destination with the same identifier (name{Navigation62}
) has been already used, duplicate ignored

\pgfpages@shipoutshipoutbox ...physicalpagesizes }
                                                  \endgroup 
l.1660 \end{frame}
                  pdfTeX warning (ext4): destination with the same identifier (
name{page.62}) has been already used, duplicate ignored

\pgfpages@shipoutshipoutbox ...physicalpagesizes }
                                                  \endgroup 
l.1660 \end{frame}
                  



pdfTeX warning: /Library/TeX/texbin/pdflatex: pop empty color page stack 0
] [64

pdfTeX warning (ext4): destination with the same identifier (name{Navigation63}
) has been already used, duplicate ignored

\pgfpages@shipoutshipoutbox ...physicalpagesizes }
                                                  \endgroup 
l.1668 \end{frame}
                  pdfTeX warning (ext4): destination with the same identifier (
name{page.63}) has been already used, duplicate ignored

\pgfpages@shipoutshipoutbox ...physicalpagesizes }
                                                  \endgroup 
l.1668 \end{frame}
                  



pdfTeX warning: /Library/TeX/texbin/pdflatex: pop empty color page stack 0
] [65

pdfTeX warning (ext4): destination with the same identifier (name{Navigation64}
) has been already used, duplicate ignored

\pgfpages@shipoutshipoutbox ...physicalpagesizes }
                                                  \endgroup 
l.1683 \end{frame}
                  pdfTeX warning (ext4): destination with the same identifier (
name{page.64}) has been already used, duplicate ignored

\pgfpages@shipoutshipoutbox ...physicalpagesizes }
                                                  \endgroup 
l.1683 \end{frame}
                  



pdfTeX warning: /Library/TeX/texbin/pdflatex: pop empty color page stack 0
] [66

pdfTeX warning (ext4): destination with the same identifier (name{Navigation65}
) has been already used, duplicate ignored

\pgfpages@shipoutshipoutbox ...physicalpagesizes }
                                                  \endgroup 
l.1701 \end{frame}
                  pdfTeX warning (ext4): destination with the same identifier (
name{page.65}) has been already used, duplicate ignored

\pgfpages@shipoutshipoutbox ...physicalpagesizes }
                                                  \endgroup 
l.1701 \end{frame}
                  



pdfTeX warning: /Library/TeX/texbin/pdflatex: pop empty color page stack 0
] [67

pdfTeX warning (ext4): destination with the same identifier (name{Navigation66}
) has been already used, duplicate ignored

\pgfpages@shipoutshipoutbox ...physicalpagesizes }
                                                  \endgroup 
l.1721 \end{frame}
                  pdfTeX warning (ext4): destination with the same identifier (
name{page.66}) has been already used, duplicate ignored

\pgfpages@shipoutshipoutbox ...physicalpagesizes }
                                                  \endgroup 
l.1721 \end{frame}
                  



pdfTeX warning: /Library/TeX/texbin/pdflatex: pop empty color page stack 0
] [68

pdfTeX warning (ext4): destination with the same identifier (name{Navigation67}
) has been already used, duplicate ignored

\pgfpages@shipoutshipoutbox ...physicalpagesizes }
                                                  \endgroup 
l.1751 \end{frame}
                  pdfTeX warning (ext4): destination with the same identifier (
name{page.67}) has been already used, duplicate ignored

\pgfpages@shipoutshipoutbox ...physicalpagesizes }
                                                  \endgroup 
l.1751 \end{frame}
                  



pdfTeX warning: /Library/TeX/texbin/pdflatex: pop empty color page stack 0
] [69

pdfTeX warning (ext4): destination with the same identifier (name{Navigation68}
) has been already used, duplicate ignored

\pgfpages@shipoutshipoutbox ...physicalpagesizes }
                                                  \endgroup 
l.1764 \end{frame}
                  pdfTeX warning (ext4): destination with the same identifier (
name{page.68}) has been already used, duplicate ignored

\pgfpages@shipoutshipoutbox ...physicalpagesizes }
                                                  \endgroup 
l.1764 \end{frame}
                  



pdfTeX warning: /Library/TeX/texbin/pdflatex: pop empty color page stack 0
 </usr/local/texlive/2017/texmf-dist/tex/latex/beamer/art/beamericonarticle.pdf
>]
\tf@nav=\write6
\openout6 = `PresentasiSkripsi2.nav'.

\tf@toc=\write7
\openout7 = `PresentasiSkripsi2.toc'.

\tf@snm=\write8
\openout8 = `PresentasiSkripsi2.snm'.

 [70

pdfTeX warning (ext4): destination with the same identifier (name{Navigation69}
) has been already used, duplicate ignored

\pgfpages@shipoutshipoutbox ...physicalpagesizes }
                                                  \endgroup 
l.1770 \end{document}
                     pdfTeX warning (ext4): destination with the same identifie
r (name{page.69}) has been already used, duplicate ignored

\pgfpages@shipoutshipoutbox ...physicalpagesizes }
                                                  \endgroup 
l.1770 \end{document}
                     



pdfTeX warning: /Library/TeX/texbin/pdflatex: pop empty color page stack 0
]
Package atveryend Info: Empty hook `BeforeClearDocument' on input line 1770.
Package atveryend Info: Empty hook `AfterLastShipout' on input line 1770.
 (./PresentasiSkripsi2.aux)
Package atveryend Info: Executing hook `AtVeryEndDocument' on input line 1770.
Package atveryend Info: Executing hook `AtEndAfterFileList' on input line 1770.

Package rerunfilecheck Info: File `PresentasiSkripsi2.out' has not changed.
(rerunfilecheck)             Checksum: 65C25E4743DDF36DAAC28388C9295C40;593.


LaTeX Font Warning: Size substitutions with differences
(Font)              up to 1.0pt have occurred.


LaTeX Font Warning: Some font shapes were not available, defaults substituted.

 ) 
Here is how much of TeX's memory you used:
 20258 strings out of 492995
 381453 string characters out of 6132703
 507678 words of memory out of 5000000
 23147 multiletter control sequences out of 15000+600000
 16438 words of font info for 59 fonts, out of 8000000 for 9000
 1141 hyphenation exceptions out of 8191
 56i,14n,58p,859b,1185s stack positions out of 5000i,500n,10000p,200000b,80000s
</usr/local/texlive/2017/texmf-dist/fonts/type1/public/amsfonts/cm/cmmi6.pfb>
</usr/local/texlive/2017/texmf-dist/fonts/type1/public/amsfonts/cm/cmss10.pfb><
/usr/local/texlive/2017/texmf-dist/fonts/type1/public/amsfonts/cm/cmss12.pfb></
usr/local/texlive/2017/texmf-dist/fonts/type1/public/amsfonts/cm/cmss8.pfb></us
r/local/texlive/2017/texmf-dist/fonts/type1/public/amsfonts/cm/cmss9.pfb></usr/
local/texlive/2017/texmf-dist/fonts/type1/public/amsfonts/cm/cmssi10.pfb></usr/
local/texlive/2017/texmf-dist/fonts/type1/public/amsfonts/cm/cmssi12.pfb></usr/
local/texlive/2017/texmf-dist/fonts/type1/public/amsfonts/cm/cmssi8.pfb></usr/l
ocal/texlive/2017/texmf-dist/fonts/type1/public/amsfonts/cm/cmsy10.pfb></usr/lo
cal/texlive/2017/texmf-dist/fonts/type1/public/amsfonts/cm/cmsy6.pfb></usr/loca
l/texlive/2017/texmf-dist/fonts/type1/public/amsfonts/cm/cmsy8.pfb></usr/local/
texlive/2017/texmf-dist/fonts/type1/public/amsfonts/cm/cmtt10.pfb>
Output written on PresentasiSkripsi2.pdf (69 pages, 618090 bytes).
PDF statistics:
 2512 PDF objects out of 2984 (max. 8388607)
 2078 compressed objects within 21 object streams
 182 named destinations out of 1000 (max. 500000)
 191 words of extra memory for PDF output out of 10000 (max. 10000000)

